This is pdfTeX, Version 3.14159265-2.6-1.40.19 (TeX Live 2018) (preloaded format=pdflatex 2018.4.16)  27 MAY 2019 15:16
entering extended mode
 restricted \write18 enabled.
 %&-line parsing enabled.
**sampleThesis.tex
(./sampleThesis.tex
LaTeX2e <2018-04-01> patch level 2
Babel <3.18> and hyphenation patterns for 84 language(s) loaded.
! TeX capacity exceeded, sorry [parameter stack size=10000].
\pkgcls@debug #1->
                  
l.2 \usepackage{
                graphicx,pstricks}
If you really absolutely need more capacity,
you can ask a wizard to enlarge me.

 
Here is how much of TeX's memory you used:
 5 strings out of 492649
 147 string characters out of 6129622
 86409 words of memory out of 5000000
 3988 multiletter control sequences out of 15000+600000
 3640 words of font info for 14 fonts, out of 8000000 for 9000
 1141 hyphenation exceptions out of 8191
 4288i,0n,10001p,49b,8s stack positions out of 5000i,500n,10000p,200000b,80000s
!  ==> Fatal error occurred, no output PDF file produced!
