This is pdfTeX, Version 3.14159265-2.6-1.40.19 (TeX Live 2018) (preloaded format=pdflatex 2018.4.16)  24 AUG 2019 15:49
entering extended mode
 restricted \write18 enabled.
 %&-line parsing enabled.
**main.tex
(./main.tex
LaTeX2e <2018-04-01> patch level 2
Babel <3.18> and hyphenation patterns for 84 language(s) loaded.
(/usr/local/texlive/2018/texmf-dist/tex/latex/base/article.cls
Document Class: article 2014/09/29 v1.4h Standard LaTeX document class
(/usr/local/texlive/2018/texmf-dist/tex/latex/base/size10.clo
File: size10.clo 2014/09/29 v1.4h Standard LaTeX file (size option)
)
\c@part=\count80
\c@section=\count81
\c@subsection=\count82
\c@subsubsection=\count83
\c@paragraph=\count84
\c@subparagraph=\count85
\c@figure=\count86
\c@table=\count87
\abovecaptionskip=\skip41
\belowcaptionskip=\skip42
\bibindent=\dimen102
)
(/usr/local/texlive/2018/texmf-dist/tex/latex/base/inputenc.sty
Package: inputenc 2018/04/06 v1.3b Input encoding file
\inpenc@prehook=\toks14
\inpenc@posthook=\toks15
)
(/usr/local/texlive/2018/texmf-dist/tex/latex/hyperref/hyperref.sty
Package: hyperref 2018/02/06 v6.86b Hypertext links for LaTeX

(/usr/local/texlive/2018/texmf-dist/tex/generic/oberdiek/hobsub-hyperref.sty
Package: hobsub-hyperref 2016/05/16 v1.14 Bundle oberdiek, subset hyperref (HO)


(/usr/local/texlive/2018/texmf-dist/tex/generic/oberdiek/hobsub-generic.sty
Package: hobsub-generic 2016/05/16 v1.14 Bundle oberdiek, subset generic (HO)
Package: hobsub 2016/05/16 v1.14 Construct package bundles (HO)
Package: infwarerr 2016/05/16 v1.4 Providing info/warning/error messages (HO)
Package: ltxcmds 2016/05/16 v1.23 LaTeX kernel commands for general use (HO)
Package: ifluatex 2016/05/16 v1.4 Provides the ifluatex switch (HO)
Package ifluatex Info: LuaTeX not detected.
Package: ifvtex 2016/05/16 v1.6 Detect VTeX and its facilities (HO)
Package ifvtex Info: VTeX not detected.
Package: intcalc 2016/05/16 v1.2 Expandable calculations with integers (HO)
Package: ifpdf 2017/03/15 v3.2 Provides the ifpdf switch
Package: etexcmds 2016/05/16 v1.6 Avoid name clashes with e-TeX commands (HO)
Package etexcmds Info: Could not find \expanded.
(etexcmds)             That can mean that you are not using pdfTeX 1.50 or
(etexcmds)             that some package has redefined \expanded.
(etexcmds)             In the latter case, load this package earlier.
Package: kvsetkeys 2016/05/16 v1.17 Key value parser (HO)
Package: kvdefinekeys 2016/05/16 v1.4 Define keys (HO)
Package: pdftexcmds 2018/01/30 v0.27 Utility functions of pdfTeX for LuaTeX (HO
)
Package pdftexcmds Info: LuaTeX not detected.
Package pdftexcmds Info: \pdf@primitive is available.
Package pdftexcmds Info: \pdf@ifprimitive is available.
Package pdftexcmds Info: \pdfdraftmode found.
Package: pdfescape 2016/05/16 v1.14 Implements pdfTeX's escape features (HO)
Package: bigintcalc 2016/05/16 v1.4 Expandable calculations on big integers (HO
)
Package: bitset 2016/05/16 v1.2 Handle bit-vector datatype (HO)
Package: uniquecounter 2016/05/16 v1.3 Provide unlimited unique counter (HO)
)
Package hobsub Info: Skipping package `hobsub' (already loaded).
Package: letltxmacro 2016/05/16 v1.5 Let assignment for LaTeX macros (HO)
Package: hopatch 2016/05/16 v1.3 Wrapper for package hooks (HO)
Package: xcolor-patch 2016/05/16 xcolor patch
Package: atveryend 2016/05/16 v1.9 Hooks at the very end of document (HO)
Package atveryend Info: \enddocument detected (standard20110627).
Package: atbegshi 2016/06/09 v1.18 At begin shipout hook (HO)
Package: refcount 2016/05/16 v3.5 Data extraction from label references (HO)
Package: hycolor 2016/05/16 v1.8 Color options for hyperref/bookmark (HO)
)
(/usr/local/texlive/2018/texmf-dist/tex/latex/graphics/keyval.sty
Package: keyval 2014/10/28 v1.15 key=value parser (DPC)
\KV@toks@=\toks16
)
(/usr/local/texlive/2018/texmf-dist/tex/generic/ifxetex/ifxetex.sty
Package: ifxetex 2010/09/12 v0.6 Provides ifxetex conditional
)
(/usr/local/texlive/2018/texmf-dist/tex/latex/oberdiek/auxhook.sty
Package: auxhook 2016/05/16 v1.4 Hooks for auxiliary files (HO)
)
(/usr/local/texlive/2018/texmf-dist/tex/latex/oberdiek/kvoptions.sty
Package: kvoptions 2016/05/16 v3.12 Key value format for package options (HO)
)
\@linkdim=\dimen103
\Hy@linkcounter=\count88
\Hy@pagecounter=\count89

(/usr/local/texlive/2018/texmf-dist/tex/latex/hyperref/pd1enc.def
File: pd1enc.def 2018/02/06 v6.86b Hyperref: PDFDocEncoding definition (HO)
Now handling font encoding PD1 ...
... no UTF-8 mapping file for font encoding PD1
)
\Hy@SavedSpaceFactor=\count90

(/usr/local/texlive/2018/texmf-dist/tex/latex/latexconfig/hyperref.cfg
File: hyperref.cfg 2002/06/06 v1.2 hyperref configuration of TeXLive
)
Package hyperref Info: Hyper figures OFF on input line 4509.
Package hyperref Info: Link nesting OFF on input line 4514.
Package hyperref Info: Hyper index ON on input line 4517.
Package hyperref Info: Plain pages OFF on input line 4524.
Package hyperref Info: Backreferencing OFF on input line 4529.
Package hyperref Info: Implicit mode ON; LaTeX internals redefined.
Package hyperref Info: Bookmarks ON on input line 4762.
\c@Hy@tempcnt=\count91

(/usr/local/texlive/2018/texmf-dist/tex/latex/url/url.sty
\Urlmuskip=\muskip10
Package: url 2013/09/16  ver 3.4  Verb mode for urls, etc.
)
LaTeX Info: Redefining \url on input line 5115.
\XeTeXLinkMargin=\dimen104
\Fld@menulength=\count92
\Field@Width=\dimen105
\Fld@charsize=\dimen106
Package hyperref Info: Hyper figures OFF on input line 6369.
Package hyperref Info: Link nesting OFF on input line 6374.
Package hyperref Info: Hyper index ON on input line 6377.
Package hyperref Info: backreferencing OFF on input line 6384.
Package hyperref Info: Link coloring OFF on input line 6389.
Package hyperref Info: Link coloring with OCG OFF on input line 6394.
Package hyperref Info: PDF/A mode OFF on input line 6399.
LaTeX Info: Redefining \ref on input line 6439.
LaTeX Info: Redefining \pageref on input line 6443.
\Hy@abspage=\count93
\c@Item=\count94
\c@Hfootnote=\count95
)
Package hyperref Info: Driver (autodetected): hpdftex.

(/usr/local/texlive/2018/texmf-dist/tex/latex/hyperref/hpdftex.def
File: hpdftex.def 2018/02/06 v6.86b Hyperref driver for pdfTeX
\Fld@listcount=\count96
\c@bookmark@seq@number=\count97

(/usr/local/texlive/2018/texmf-dist/tex/latex/oberdiek/rerunfilecheck.sty
Package: rerunfilecheck 2016/05/16 v1.8 Rerun checks for auxiliary files (HO)
Package uniquecounter Info: New unique counter `rerunfilecheck' on input line 2
82.
)
\Hy@SectionHShift=\skip43
)
(/usr/local/texlive/2018/texmf-dist/tex/latex/booktabs/booktabs.sty
Package: booktabs 2016/04/27 v1.618033 publication quality tables
\heavyrulewidth=\dimen107
\lightrulewidth=\dimen108
\cmidrulewidth=\dimen109
\belowrulesep=\dimen110
\belowbottomsep=\dimen111
\aboverulesep=\dimen112
\abovetopsep=\dimen113
\cmidrulesep=\dimen114
\cmidrulekern=\dimen115
\defaultaddspace=\dimen116
\@cmidla=\count98
\@cmidlb=\count99
\@aboverulesep=\dimen117
\@belowrulesep=\dimen118
\@thisruleclass=\count100
\@lastruleclass=\count101
\@thisrulewidth=\dimen119
)
(/usr/local/texlive/2018/texmf-dist/tex/latex/amsfonts/amsfonts.sty
Package: amsfonts 2013/01/14 v3.01 Basic AMSFonts support
\@emptytoks=\toks17
\symAMSa=\mathgroup4
\symAMSb=\mathgroup5
LaTeX Font Info:    Overwriting math alphabet `\mathfrak' in version `bold'
(Font)                  U/euf/m/n --> U/euf/b/n on input line 106.
)
(/usr/local/texlive/2018/texmf-dist/tex/latex/units/nicefrac.sty
Package: nicefrac 1998/08/04 v0.9b Nice fractions
\L@UnitsRaiseDisplaystyle=\skip44
\L@UnitsRaiseTextstyle=\skip45
\L@UnitsRaiseScriptstyle=\skip46

(/usr/local/texlive/2018/texmf-dist/tex/latex/base/ifthen.sty
Package: ifthen 2014/09/29 v1.1c Standard LaTeX ifthen package (DPC)
))
(/usr/local/texlive/2018/texmf-dist/tex/latex/microtype/microtype.sty
Package: microtype 2018/01/14 v2.7a Micro-typographical refinements (RS)
\MT@toks=\toks18
\MT@count=\count102
LaTeX Info: Redefining \textls on input line 793.
\MT@outer@kern=\dimen120
LaTeX Info: Redefining \textmicrotypecontext on input line 1339.
\MT@listname@count=\count103

(/usr/local/texlive/2018/texmf-dist/tex/latex/microtype/microtype-pdftex.def
File: microtype-pdftex.def 2018/01/14 v2.7a Definitions specific to pdftex (RS)

LaTeX Info: Redefining \lsstyle on input line 913.
LaTeX Info: Redefining \lslig on input line 913.
\MT@outer@space=\skip47
)
Package microtype Info: Loading configuration file microtype.cfg.

(/usr/local/texlive/2018/texmf-dist/tex/latex/microtype/microtype.cfg
File: microtype.cfg 2018/01/14 v2.7a microtype main configuration file (RS)
))
(/usr/local/texlive/2018/texmf-dist/tex/latex/dblfloatfix/dblfloatfix.sty
Package: dblfloatfix 2012/12/31 v1.0a (JAW)

(/usr/local/texlive/2018/texmf-dist/tex/latex/base/fixltx2e.sty
Package: fixltx2e 2016/12/29 v2.1a fixes to LaTeX (obsolete)
Applying: [2015/01/01] Old fixltx2e package on input line 46.


Package fixltx2e Warning: fixltx2e is not required with releases after 2015
(fixltx2e)                All fixes are now in the LaTeX kernel.
(fixltx2e)                See the latexrelease package for details.

Already applied: [0000/00/00] Old fixltx2e package on input line 53.
)
\@dblbotnum=\count104
\c@dblbotnumber=\count105
) (/usr/local/texlive/2018/texmf-dist/tex/latex/natbib/natbib.sty
Package: natbib 2010/09/13 8.31b (PWD, AO)
\bibhang=\skip48
\bibsep=\skip49
LaTeX Info: Redefining \cite on input line 694.
\c@NAT@ctr=\count106
)
(/usr/local/texlive/2018/texmf-dist/tex/latex/amsfonts/euscript.sty
Package: euscript 2009/06/22 v3.00 Euler Script fonts
LaTeX Font Info:    Overwriting math alphabet `\EuScript' in version `bold'
(Font)                  U/eus/m/n --> U/eus/b/n on input line 33.
)
(/usr/local/texlive/2018/texmf-dist/tex/latex/amscls/amsthm.sty
Package: amsthm 2017/10/31 v2.20.4
\thm@style=\toks19
\thm@bodyfont=\toks20
\thm@headfont=\toks21
\thm@notefont=\toks22
\thm@headpunct=\toks23
\thm@preskip=\skip50
\thm@postskip=\skip51
\thm@headsep=\skip52
\dth@everypar=\toks24
)
(/usr/local/texlive/2018/texmf-dist/tex/latex/amsmath/amsmath.sty
Package: amsmath 2017/09/02 v2.17a AMS math features
\@mathmargin=\skip53

For additional information on amsmath, use the `?' option.
(/usr/local/texlive/2018/texmf-dist/tex/latex/amsmath/amstext.sty
Package: amstext 2000/06/29 v2.01 AMS text

(/usr/local/texlive/2018/texmf-dist/tex/latex/amsmath/amsgen.sty
File: amsgen.sty 1999/11/30 v2.0 generic functions
\@emptytoks=\toks25
\ex@=\dimen121
))
(/usr/local/texlive/2018/texmf-dist/tex/latex/amsmath/amsbsy.sty
Package: amsbsy 1999/11/29 v1.2d Bold Symbols
\pmbraise@=\dimen122
)
(/usr/local/texlive/2018/texmf-dist/tex/latex/amsmath/amsopn.sty
Package: amsopn 2016/03/08 v2.02 operator names
)
\inf@bad=\count107
LaTeX Info: Redefining \frac on input line 213.
\uproot@=\count108
\leftroot@=\count109
LaTeX Info: Redefining \overline on input line 375.
\classnum@=\count110
\DOTSCASE@=\count111
LaTeX Info: Redefining \ldots on input line 472.
LaTeX Info: Redefining \dots on input line 475.
LaTeX Info: Redefining \cdots on input line 596.
\Mathstrutbox@=\box26
\strutbox@=\box27
\big@size=\dimen123
LaTeX Font Info:    Redeclaring font encoding OML on input line 712.
LaTeX Font Info:    Redeclaring font encoding OMS on input line 713.
\macc@depth=\count112
\c@MaxMatrixCols=\count113
\dotsspace@=\muskip11
\c@parentequation=\count114
\dspbrk@lvl=\count115
\tag@help=\toks26
\row@=\count116
\column@=\count117
\maxfields@=\count118
\andhelp@=\toks27
\eqnshift@=\dimen124
\alignsep@=\dimen125
\tagshift@=\dimen126
\tagwidth@=\dimen127
\totwidth@=\dimen128
\lineht@=\dimen129
\@envbody=\toks28
\multlinegap=\skip54
\multlinetaggap=\skip55
\mathdisplay@stack=\toks29
LaTeX Info: Redefining \[ on input line 2817.
LaTeX Info: Redefining \] on input line 2818.
)
(/usr/local/texlive/2018/texmf-dist/tex/latex/graphics/color.sty
Package: color 2016/07/10 v1.1e Standard LaTeX Color (DPC)

(/usr/local/texlive/2018/texmf-dist/tex/latex/graphics-cfg/color.cfg
File: color.cfg 2016/01/02 v1.6 sample color configuration
)
Package color Info: Driver file: pdftex.def on input line 147.

(/usr/local/texlive/2018/texmf-dist/tex/latex/graphics-def/pdftex.def
File: pdftex.def 2018/01/08 v1.0l Graphics/color driver for pdftex
))
(/usr/local/texlive/2018/texmf-dist/tex/latex/stmaryrd/stmaryrd.sty
Package: stmaryrd 1994/03/03 St Mary's Road symbol package
\symstmry=\mathgroup6
LaTeX Font Info:    Overwriting symbol font `stmry' in version `bold'
(Font)                  U/stmry/m/n --> U/stmry/b/n on input line 89.
)
(/usr/local/texlive/2018/texmf-dist/tex/latex/multirow/multirow.sty
Package: multirow 2016/11/25 v2.2 Span multiple rows of a table
\multirow@colwidth=\skip56
\multirow@cntb=\count119
\multirow@dima=\skip57
\bigstrutjot=\dimen130
)
(/usr/local/texlive/2018/texmf-dist/tex/latex/appendix/appendix.sty
Package: appendix 2009/09/02 v1.2b extra appendix facilities
\c@@pps=\count120
\c@@ppsavesec=\count121
\c@@ppsaveapp=\count122
)
(/usr/local/texlive/2018/texmf-dist/tex/latex/bbm-macros/bbm.sty
Package: bbm 1999/03/15 V 1.2 provides fonts for set symbols - TH
LaTeX Font Info:    Overwriting math alphabet `\mathbbm' in version `bold'
(Font)                  U/bbm/m/n --> U/bbm/bx/n on input line 33.
LaTeX Font Info:    Overwriting math alphabet `\mathbbmss' in version `bold'
(Font)                  U/bbmss/m/n --> U/bbmss/bx/n on input line 35.
)
(/usr/local/texlive/2018/texmf-dist/tex/latex/graphics/graphicx.sty
Package: graphicx 2017/06/01 v1.1a Enhanced LaTeX Graphics (DPC,SPQR)

(/usr/local/texlive/2018/texmf-dist/tex/latex/graphics/graphics.sty
Package: graphics 2017/06/25 v1.2c Standard LaTeX Graphics (DPC,SPQR)

(/usr/local/texlive/2018/texmf-dist/tex/latex/graphics/trig.sty
Package: trig 2016/01/03 v1.10 sin cos tan (DPC)
)
(/usr/local/texlive/2018/texmf-dist/tex/latex/graphics-cfg/graphics.cfg
File: graphics.cfg 2016/06/04 v1.11 sample graphics configuration
)
Package graphics Info: Driver file: pdftex.def on input line 99.
)
\Gin@req@height=\dimen131
\Gin@req@width=\dimen132
)
(/usr/local/texlive/2018/texmf-dist/tex/latex/enumitem/enumitem.sty
Package: enumitem 2011/09/28 v3.5.2 Customized lists
\labelindent=\skip58
\enit@outerparindent=\dimen133
\enit@toks=\toks30
\enit@inbox=\box28
\enitdp@description=\count123
)
(/usr/local/texlive/2018/texmf-dist/tex/latex/algorithms/algorithm.sty
Package: algorithm 2009/08/24 v0.1 Document Style `algorithm' - floating enviro
nment

(/usr/local/texlive/2018/texmf-dist/tex/latex/float/float.sty
Package: float 2001/11/08 v1.3d Float enhancements (AL)
\c@float@type=\count124
\float@exts=\toks31
\float@box=\box29
\@float@everytoks=\toks32
\@floatcapt=\box30
)
\@float@every@algorithm=\toks33
\c@algorithm=\count125
)
(/usr/local/texlive/2018/texmf-dist/tex/latex/algorithmicx/algpseudocode.sty
Package: algpseudocode 

(/usr/local/texlive/2018/texmf-dist/tex/latex/algorithmicx/algorithmicx.sty
Package: algorithmicx 2005/04/27 v1.2 Algorithmicx

Document Style algorithmicx 1.2 - a greatly improved `algorithmic' style
\c@ALG@line=\count126
\c@ALG@rem=\count127
\c@ALG@nested=\count128
\ALG@tlm=\skip59
\ALG@thistlm=\skip60
\c@ALG@Lnr=\count129
\c@ALG@blocknr=\count130
\c@ALG@storecount=\count131
\c@ALG@tmpcounter=\count132
\ALG@tmplength=\skip61
)
Document Style - pseudocode environments for use with the `algorithmicx' style
) (/usr/local/texlive/2018/texmf-dist/tex/latex/caption/subcaption.sty
Package: subcaption 2016/05/22 v1.1-161 Sub-captions (AR)

(/usr/local/texlive/2018/texmf-dist/tex/latex/caption/caption.sty
Package: caption 2016/02/21 v3.3-144 Customizing captions (AR)

(/usr/local/texlive/2018/texmf-dist/tex/latex/caption/caption3.sty
Package: caption3 2016/05/22 v1.7-166 caption3 kernel (AR)
Package caption3 Info: TeX engine: e-TeX on input line 67.
\captionmargin=\dimen134
\captionmargin@=\dimen135
\captionwidth=\dimen136
\caption@tempdima=\dimen137
\caption@indent=\dimen138
\caption@parindent=\dimen139
\caption@hangindent=\dimen140
)
\c@ContinuedFloat=\count133
Package caption Info: float package is loaded.
Package caption Info: hyperref package is loaded.
)
\c@subfigure=\count134
\c@subtable=\count135
)
(/usr/local/texlive/2018/texmf-dist/tex/generic/mathabx/mathabx.sty
Package: mathabx 2003/07/29 v0.0 Non-standard LaTeX package mathabx
\symmatha=\mathgroup7
\symmathb=\mathgroup8
\symmathx=\mathgroup9

(/usr/local/texlive/2018/texmf-dist/tex/generic/mathabx/mathabx.dcl
LaTeX Font Info:    Redeclaring math symbol \cdotp on input line 25.
LaTeX Font Info:    Redeclaring math symbol \times on input line 33.
LaTeX Font Info:    Redeclaring math symbol \div on input line 34.
LaTeX Font Info:    Redeclaring math symbol \cdot on input line 35.
LaTeX Font Info:    Redeclaring math symbol \circ on input line 36.
LaTeX Font Info:    Redeclaring math symbol \ast on input line 38.
LaTeX Font Info:    Redeclaring math symbol \pm on input line 41.
LaTeX Font Info:    Redeclaring math symbol \mp on input line 42.
LaTeX Font Info:    Redeclaring math symbol \diamond on input line 45.
LaTeX Font Info:    Redeclaring math symbol \bullet on input line 46.
LaTeX Font Info:    Redeclaring math symbol \star on input line 47.
LaTeX Font Info:    Redeclaring math symbol \amalg on input line 51.
LaTeX Font Info:    Redeclaring math symbol \square on input line 63.
LaTeX Font Info:    Redeclaring math symbol \equiv on input line 83.
LaTeX Font Info:    Redeclaring math symbol \sim on input line 84.
LaTeX Font Info:    Redeclaring math symbol \approx on input line 85.
LaTeX Font Info:    Redeclaring math symbol \simeq on input line 86.
LaTeX Font Info:    Redeclaring math symbol \asymp on input line 89.
LaTeX Font Info:    Redeclaring math symbol \neg on input line 134.
LaTeX Font Info:    Redeclaring math symbol \ll on input line 136.
LaTeX Font Info:    Redeclaring math symbol \gg on input line 137.
LaTeX Font Info:    Redeclaring math symbol \vdash on input line 139.
LaTeX Font Info:    Redeclaring math symbol \dashv on input line 140.
LaTeX Font Info:    Redeclaring math symbol \flat on input line 158.
LaTeX Font Info:    Redeclaring math symbol \natural on input line 159.
LaTeX Font Info:    Redeclaring math symbol \sharp on input line 160.
LaTeX Font Info:    Redeclaring math symbol \infty on input line 161.
LaTeX Font Info:    Redeclaring math symbol \propto on input line 162.
LaTeX Font Info:    Redeclaring math symbol \dagger on input line 163.
LaTeX Font Info:    Redeclaring math symbol \ddagger on input line 164.
LaTeX Font Info:    Redeclaring math symbol \smile on input line 171.
LaTeX Font Info:    Redeclaring math symbol \frown on input line 172.
LaTeX Font Info:    Redeclaring math symbol \setminus on input line 218.
LaTeX Font Info:    Redeclaring math symbol \mid on input line 222.
LaTeX Font Info:    Redeclaring math symbol \forall on input line 279.
LaTeX Font Info:    Redeclaring math symbol \partial on input line 281.
LaTeX Font Info:    Redeclaring math symbol \exists on input line 284.
LaTeX Font Info:    Redeclaring math symbol \emptyset on input line 288.
LaTeX Font Info:    Redeclaring math symbol \top on input line 290.
LaTeX Font Info:    Redeclaring math symbol \bot on input line 291.
LaTeX Font Info:    Redeclaring math symbol \perp on input line 292.
LaTeX Font Info:    Redeclaring math symbol \in on input line 299.
LaTeX Font Info:    Redeclaring math symbol \owns on input line 300.
LaTeX Font Info:    Redeclaring math symbol \cap on input line 312.
LaTeX Font Info:    Redeclaring math symbol \cup on input line 313.
LaTeX Font Info:    Redeclaring math symbol \uplus on input line 314.
LaTeX Font Info:    Redeclaring math symbol \sqcap on input line 315.
LaTeX Font Info:    Redeclaring math symbol \sqcup on input line 316.
LaTeX Font Info:    Redeclaring math symbol \wedge on input line 318.
LaTeX Font Info:    Redeclaring math symbol \vee on input line 320.
LaTeX Font Info:    Redeclaring math symbol \subset on input line 344.
LaTeX Font Info:    Redeclaring math symbol \supset on input line 345.
LaTeX Font Info:    Redeclaring math symbol \subseteq on input line 348.
LaTeX Font Info:    Redeclaring math symbol \supseteq on input line 349.
LaTeX Font Info:    Redeclaring math symbol \sqsubseteq on input line 380.
LaTeX Font Info:    Redeclaring math symbol \sqsupseteq on input line 381.
LaTeX Font Info:    Redeclaring math symbol \triangleleft on input line 407.
LaTeX Font Info:    Redeclaring math symbol \vartriangleleft on input line 408.

LaTeX Font Info:    Redeclaring math symbol \triangleright on input line 409.
LaTeX Font Info:    Redeclaring math symbol \vartriangleright on input line 410
.
LaTeX Font Info:    Redeclaring math symbol \trianglelefteq on input line 413.
LaTeX Font Info:    Redeclaring math symbol \trianglerighteq on input line 414.

LaTeX Font Info:    Redeclaring math symbol \leq on input line 439.
LaTeX Font Info:    Redeclaring math symbol \geq on input line 441.
LaTeX Font Info:    Redeclaring math symbol \prec on input line 498.
LaTeX Font Info:    Redeclaring math symbol \succ on input line 499.
LaTeX Font Info:    Redeclaring math symbol \preceq on input line 506.
LaTeX Font Info:    Redeclaring math symbol \succeq on input line 507.
LaTeX Font Info:    Redeclaring math symbol \leftarrow on input line 540.
LaTeX Font Info:    Redeclaring math symbol \rightarrow on input line 542.
LaTeX Font Info:    Redeclaring math symbol \nwarrow on input line 546.
LaTeX Font Info:    Redeclaring math symbol \nearrow on input line 547.
LaTeX Font Info:    Redeclaring math symbol \swarrow on input line 548.
LaTeX Font Info:    Redeclaring math symbol \searrow on input line 549.
LaTeX Font Info:    Redeclaring math symbol \leftrightarrow on input line 550.
LaTeX Font Info:    Redeclaring math symbol \mapstochar on input line 557.
LaTeX Font Info:    Redeclaring math symbol \mapsfromchar on input line 558.
LaTeX Font Info:    Redeclaring math symbol \leftharpoonup on input line 560.
LaTeX Font Info:    Redeclaring math symbol \rightharpoonup on input line 561.
LaTeX Font Info:    Redeclaring math symbol \leftharpoondown on input line 562.

LaTeX Font Info:    Redeclaring math symbol \rightharpoondown on input line 563
.
LaTeX Font Info:    Redeclaring math symbol \Leftarrow on input line 575.
LaTeX Font Info:    Redeclaring math symbol \Rightarrow on input line 576.
LaTeX Font Info:    Redeclaring math symbol \Leftrightarrow on input line 579.
LaTeX Font Info:    Redeclaring math symbol \Mapstochar on input line 586.
LaTeX Font Info:    Redeclaring math symbol \Mapsfromchar on input line 587.
LaTeX Font Info:    Redeclaring math symbol \rhook on input line 612.
LaTeX Font Info:    Redeclaring math symbol \lhook on input line 613.
LaTeX Font Info:    Redeclaring math symbol \rightsquigarrow on input line 645.

LaTeX Font Info:    Redeclaring math symbol \oplus on input line 658.
LaTeX Font Info:    Redeclaring math symbol \ominus on input line 659.
LaTeX Font Info:    Redeclaring math symbol \otimes on input line 661.
LaTeX Font Info:    Redeclaring math symbol \odot on input line 663.
LaTeX Font Info:    Redeclaring math symbol \oslash on input line 675.
LaTeX Font Info:    Redeclaring math symbol \boxdot on input line 688.
LaTeX Font Info:    Redeclaring math symbol \boxslash on input line 702.
\mayacnter=\count136
\mayacnta=\count137
\mayacntb=\count138
\mayacntc=\count139
\mayawidth=\dimen141
LaTeX Font Info:    Redeclaring math symbol \intop on input line 753.
LaTeX Font Info:    Redeclaring math symbol \ointop on input line 760.
LaTeX Font Info:    Redeclaring math symbol \bigcurlywedge on input line 787.
LaTeX Font Info:    Redeclaring math symbol \bigcurlyvee on input line 788.
LaTeX Font Info:    Redeclaring math delimiter \lbrace on input line 842.
LaTeX Info: Redefining \{ on input line 846.
LaTeX Font Info:    Redeclaring math delimiter \rbrace on input line 848.
LaTeX Info: Redefining \} on input line 852.
LaTeX Font Info:    Redeclaring math delimiter \langle on input line 858.
LaTeX Font Info:    Redeclaring math delimiter \rangle on input line 859.
LaTeX Font Info:    Redeclaring math delimiter \vert on input line 863.
LaTeX Font Info:    Redeclaring math delimiter \Vert on input line 865.
LaTeX Font Info:    Redeclaring math delimiter \uparrow on input line 868.
LaTeX Font Info:    Redeclaring math delimiter \downarrow on input line 869.
LaTeX Font Info:    Redeclaring math delimiter \updownarrow on input line 870.
LaTeX Font Info:    Redeclaring math delimiter \Uparrow on input line 871.
LaTeX Font Info:    Redeclaring math delimiter \Downarrow on input line 872.
LaTeX Font Info:    Redeclaring math delimiter \Updownarrow on input line 873.
LaTeX Font Info:    Redeclaring math delimiter \lgroup on input line 880.
LaTeX Font Info:    Redeclaring math delimiter \rgroup on input line 881.
LaTeX Font Info:    Redeclaring math delimiter \lceil on input line 882.
LaTeX Font Info:    Redeclaring math delimiter \rceil on input line 883.
LaTeX Font Info:    Redeclaring math delimiter \lfloor on input line 884.
LaTeX Font Info:    Redeclaring math delimiter \rfloor on input line 885.
LaTeX Font Info:    Redeclaring math symbol \braceld on input line 903.
LaTeX Font Info:    Redeclaring math symbol \bracerd on input line 905.
LaTeX Font Info:    Redeclaring math symbol \bracelu on input line 907.
LaTeX Font Info:    Redeclaring math symbol \braceru on input line 909.
LaTeX Font Info:    Redeclaring math accent \widehat on input line 944.
LaTeX Font Info:    Redeclaring math accent \widetilde on input line 946.
))
(/usr/local/texlive/2018/texmf-dist/tex/latex/graphics/rotating.sty
Package: rotating 2016/08/11 v2.16d rotated objects in LaTeX
\c@r@tfl@t=\count140
\rotFPtop=\skip62
\rotFPbot=\skip63
\rot@float@box=\box31
\rot@mess@toks=\toks34
)
(/usr/local/texlive/2018/texmf-dist/tex/latex/cleveref/cleveref.sty
Package: cleveref 2018/03/03 v0.21.3 Intelligent cross-referencing
Package cleveref Info: `hyperref' support loaded on input line 2234.
LaTeX Info: Redefining \cref on input line 2234.
LaTeX Info: Redefining \Cref on input line 2234.
LaTeX Info: Redefining \crefrange on input line 2234.
LaTeX Info: Redefining \Crefrange on input line 2234.
LaTeX Info: Redefining \cpageref on input line 2234.
LaTeX Info: Redefining \Cpageref on input line 2234.
LaTeX Info: Redefining \cpagerefrange on input line 2234.
LaTeX Info: Redefining \Cpagerefrange on input line 2234.
LaTeX Info: Redefining \labelcref on input line 2234.
LaTeX Info: Redefining \labelcpageref on input line 2234.
Package cleveref Info: `amsthm' support loaded on input line 2890.
Package cleveref Info: `algorithmicx' support loaded on input line 2984.
Package cleveref Info: always capitalise cross-reference names on input line 76
89.
Package cleveref Info: always capitalise cross-reference names on input line 77
16.
)
\c@thm=\count141
\c@definition=\count142

(./main.aux)
\openout1 = `main.aux'.

LaTeX Font Info:    Checking defaults for OML/cmm/m/it on input line 151.
LaTeX Font Info:    ... okay on input line 151.
LaTeX Font Info:    Checking defaults for T1/cmr/m/n on input line 151.
LaTeX Font Info:    ... okay on input line 151.
LaTeX Font Info:    Checking defaults for OT1/cmr/m/n on input line 151.
LaTeX Font Info:    ... okay on input line 151.
LaTeX Font Info:    Checking defaults for OMS/cmsy/m/n on input line 151.
LaTeX Font Info:    ... okay on input line 151.
LaTeX Font Info:    Checking defaults for OMX/cmex/m/n on input line 151.
LaTeX Font Info:    ... okay on input line 151.
LaTeX Font Info:    Checking defaults for U/mathx/m/n on input line 151.
LaTeX Font Info:    ... okay on input line 151.
LaTeX Font Info:    Checking defaults for PD1/pdf/m/n on input line 151.
LaTeX Font Info:    ... okay on input line 151.
\AtBeginShipoutBox=\box32
Package hyperref Info: Link coloring OFF on input line 151.
 (/usr/local/texlive/2018/texmf-dist/tex/latex/hyperref/nameref.sty
Package: nameref 2016/05/21 v2.44 Cross-referencing by name of section
(/usr/local/texlive/2018/texmf-dist/tex/generic/oberdiek/gettitlestring.sty
Package: gettitlestring 2016/05/16 v1.5 Cleanup title references (HO)
)
\c@section@level=\count143
)
LaTeX Info: Redefining \ref on input line 151.
LaTeX Info: Redefining \pageref on input line 151.
LaTeX Info: Redefining \nameref on input line 151.

(./main.out) (./main.out)
\@outlinefile=\write3
\openout3 = `main.out'.

LaTeX Info: Redefining \microtypecontext on input line 151.
Package microtype Info: Generating PDF output.
Package microtype Info: Character protrusion enabled (level 2).
Package microtype Info: Using default protrusion set `alltext'.
Package microtype Info: Automatic font expansion enabled (level 2),
(microtype)             stretch: 20, shrink: 20, step: 1, non-selected.
Package microtype Info: Using default expansion set `basictext'.
Package microtype Info: No adjustment of tracking.
Package microtype Info: No adjustment of interword spacing.
Package microtype Info: No adjustment of character kerning.

(/usr/local/texlive/2018/texmf-dist/tex/latex/microtype/mt-cmr.cfg
File: mt-cmr.cfg 2013/05/19 v2.2 microtype config. file: Computer Modern Roman 
(RS)
)
(/usr/local/texlive/2018/texmf-dist/tex/context/base/mkii/supp-pdf.mkii
[Loading MPS to PDF converter (version 2006.09.02).]
\scratchcounter=\count144
\scratchdimen=\dimen142
\scratchbox=\box33
\nofMPsegments=\count145
\nofMParguments=\count146
\everyMPshowfont=\toks35
\MPscratchCnt=\count147
\MPscratchDim=\dimen143
\MPnumerator=\count148
\makeMPintoPDFobject=\count149
\everyMPtoPDFconversion=\toks36
) (/usr/local/texlive/2018/texmf-dist/tex/latex/oberdiek/epstopdf-base.sty
Package: epstopdf-base 2016/05/15 v2.6 Base part for package epstopdf

(/usr/local/texlive/2018/texmf-dist/tex/latex/oberdiek/grfext.sty
Package: grfext 2016/05/16 v1.2 Manage graphics extensions (HO)
)
Package epstopdf-base Info: Redefining graphics rule for `.eps' on input line 4
38.
Package grfext Info: Graphics extension search list:
(grfext)             [.pdf,.png,.jpg,.mps,.jpeg,.jbig2,.jb2,.PDF,.PNG,.JPG,.JPE
G,.JBIG2,.JB2,.eps]
(grfext)             \AppendGraphicsExtensions on input line 456.

(/usr/local/texlive/2018/texmf-dist/tex/latex/latexconfig/epstopdf-sys.cfg
File: epstopdf-sys.cfg 2010/07/13 v1.3 Configuration of (r)epstopdf for TeX Liv
e
))
Package caption Info: Begin \AtBeginDocument code.
Package caption Info: rotating package is loaded.
Package caption Info: End \AtBeginDocument code.
LaTeX Font Info:    Try loading font information for U+msa on input line 155.

(/usr/local/texlive/2018/texmf-dist/tex/latex/amsfonts/umsa.fd
File: umsa.fd 2013/01/14 v3.01 AMS symbols A
)
(/usr/local/texlive/2018/texmf-dist/tex/latex/microtype/mt-msa.cfg
File: mt-msa.cfg 2006/02/04 v1.1 microtype config. file: AMS symbols (a) (RS)
)
LaTeX Font Info:    Try loading font information for U+msb on input line 155.

(/usr/local/texlive/2018/texmf-dist/tex/latex/amsfonts/umsb.fd
File: umsb.fd 2013/01/14 v3.01 AMS symbols B
)
(/usr/local/texlive/2018/texmf-dist/tex/latex/microtype/mt-msb.cfg
File: mt-msb.cfg 2005/06/01 v1.0 microtype config. file: AMS symbols (b) (RS)
)
LaTeX Font Info:    Try loading font information for U+stmry on input line 155.


(/usr/local/texlive/2018/texmf-dist/tex/latex/stmaryrd/Ustmry.fd)
(./abstract.tex) (./introduction.tex
! Undefined control sequence.
l.7 &\mathbf{x} \in \reals
                          ^{n} \rightarrow  \mathbf{\Omega}^\top \mathbf{x} ...
The control sequence at the end of the top line
of your error message was never \def'ed. If you have
misspelled it (e.g., `\hobx'), type `I' and the correct
spelling (e.g., `I\hbox'). Otherwise just continue,
and I'll forget about whatever was undefined.

[1

{/usr/local/texlive/2018/texmf-var/fonts/map/pdftex/updmap/pdftex.map}]
[2]) (./tensor-random-projection.tex [3]) (./theoretical-development.tex
[4]pdfTeX warning (ext4): destination with the same identifier (name{equation.3
.1}) has been already used, duplicate ignored
<to be read again> 
                   \relax 
l.53 	\begin{equation}
                      
Overfull \hbox (31.26158pt too wide) detected at line 72
[][]
 []

[5]
Overfull \hbox (2.68889pt too wide) in paragraph at lines 131--134
\OT1/cmr/m/n/10 (-20) Let $\OT1/cmr/bx/n/10 Q[] \U/matha/m/n/10 P \U/msb/m/n/10
 R[]$ \OT1/cmr/m/n/10 (-20) be the or-thonor-mal ma-trix from QR fac-tor-iza-ti
on: $\OT1/cmr/bx/n/10 Q[]\OML/cmm/m/it/10 ; []\U/matha/m/n/10 p[]q$\OT1/cmr/m/n
/10 (-20) .
 []

[6pdfTeX warning (ext4): destination with the same identifier (name{equation.3.
3}) has been already used, duplicate ignored

\AtBegShi@Output ...ipout \box \AtBeginShipoutBox 
                                                  \fi \fi 
l.134 
      ]) (./simulation.tex
Overfull \hbox (0.36824pt too wide) in paragraph at lines 16--32
\OT1/cmr/m/n/10 (-20) We gen-er-ate $\OML/cmm/m/it/10 n \U/matha/m/n/10 ^^P \OT
1/cmr/m/n/10 (-20) 10$ in-de-pen-dent vec-tors $\OT1/cmr/bx/n/10 x[]\OML/cmm/m/
it/10 ; [] ; \OT1/cmr/bx/n/10 x[]$ \OT1/cmr/m/n/10 (-20) of sizes $\OML/cmm/m/i
t/10 d \U/matha/m/n/10 ^^P \OT1/cmr/m/n/10 (-20) 2500\OML/cmm/m/it/10 ; \OT1/cm
r/m/n/10 (-20) 10000\OML/cmm/m/it/10 ; \OT1/cmr/m/n/10 (-20) 40000$
 []

<figure/dist_g_d2500.pdf, id=248, 433.62pt x 361.35pt>
File: figure/dist_g_d2500.pdf Graphic file (type pdf)
<use figure/dist_g_d2500.pdf>
Package pdftex.def Info: figure/dist_g_d2500.pdf  used on input line 44.
(pdftex.def)             Requested size: 95.39668pt x 79.49724pt.

Overfull \hbox (12.59479pt too wide) in paragraph at lines 44--45
[][] 
 []

<figure/dist_sp1_d2500.pdf, id=249, 433.62pt x 361.35pt>
File: figure/dist_sp1_d2500.pdf Graphic file (type pdf)
<use figure/dist_sp1_d2500.pdf>
Package pdftex.def Info: figure/dist_sp1_d2500.pdf  used on input line 47.
(pdftex.def)             Requested size: 95.39668pt x 79.49724pt.

Overfull \hbox (12.59479pt too wide) in paragraph at lines 47--48
[][] 
 []

<figure/dist_g_mnist.pdf, id=250, 433.62pt x 361.35pt>
File: figure/dist_g_mnist.pdf Graphic file (type pdf)
<use figure/dist_g_mnist.pdf>
Package pdftex.def Info: figure/dist_g_mnist.pdf  used on input line 50.
(pdftex.def)             Requested size: 95.39668pt x 79.49724pt.

Overfull \hbox (12.59479pt too wide) in paragraph at lines 50--51
[][] 
 []

<figure/dist_sp1_mnist.pdf, id=251, 433.62pt x 361.35pt>
File: figure/dist_sp1_mnist.pdf Graphic file (type pdf)
<use figure/dist_sp1_mnist.pdf>
Package pdftex.def Info: figure/dist_sp1_mnist.pdf  used on input line 53.
(pdftex.def)             Requested size: 95.39668pt x 79.49724pt.

Overfull \hbox (12.59479pt too wide) in paragraph at lines 53--54
[][] 
 []

[7]) (./sketching.tex
Package hyperref Info: bookmark level for unknown algorithm defaults to 0 on in
put line 19.
 [8 <./figure/dist_g_d2500.pdf> <./figure/dist_sp1_d2500.pdf

pdfTeX warning: /Library/TeX/texbin/pdflatex (file ./figure/dist_sp1_d2500.pdf)
: PDF inclusion: multiple pdfs with page group included in a single page
> <./figure/dist_g_mnist.pdf

pdfTeX warning: /Library/TeX/texbin/pdflatex (file ./figure/dist_g_mnist.pdf): 
PDF inclusion: multiple pdfs with page group included in a single page
> <./figure/dist_sp1_mnist.pdf

pdfTeX warning: /Library/TeX/texbin/pdflatex (file ./figure/dist_sp1_mnist.pdf)
: PDF inclusion: multiple pdfs with page group included in a single page
>]
LaTeX Font Info:    Try loading font information for U+eus on input line 39.
 (/usr/local/texlive/2018/texmf-dist/tex/latex/amsfonts/ueus.fd
File: ueus.fd 2013/01/14 v3.01 Euler Script
)
(/usr/local/texlive/2018/texmf-dist/tex/latex/microtype/mt-eus.cfg
File: mt-eus.cfg 2006/07/28 v1.2 microtype config. file: AMS Euler Script (RS)
) [9]
<figure/col_dim2_krao_d900.pdf, id=379, 433.62pt x 361.35pt>
File: figure/col_dim2_krao_d900.pdf Graphic file (type pdf)
<use figure/col_dim2_krao_d900.pdf>
Package pdftex.def Info: figure/col_dim2_krao_d900.pdf  used on input line 60.
(pdftex.def)             Requested size: 130.087pt x 108.40584pt.

Overfull \hbox (19.68448pt too wide) in paragraph at lines 60--61
[][] 
 []

<figure/col_dim3_krao_d160000.pdf, id=380, 433.62pt x 361.35pt>
File: figure/col_dim3_krao_d160000.pdf Graphic file (type pdf)
<use figure/col_dim3_krao_d160000.pdf>
Package pdftex.def Info: figure/col_dim3_krao_d160000.pdf  used on input line 6
3.
(pdftex.def)             Requested size: 130.087pt x 108.40584pt.

Overfull \hbox (19.68448pt too wide) in paragraph at lines 63--64
[][] 
 []

<figure/col_dim4_krao_d1000000.pdf, id=381, 433.62pt x 361.35pt>
File: figure/col_dim4_krao_d1000000.pdf Graphic file (type pdf)
<use figure/col_dim4_krao_d1000000.pdf>
Package pdftex.def Info: figure/col_dim4_krao_d1000000.pdf  used on input line 
66.
(pdftex.def)             Requested size: 130.087pt x 108.40584pt.

Overfull \hbox (19.68448pt too wide) in paragraph at lines 66--67
[][] 
 []

) (./conclusion.tex) [10 <./figure/col_dim2_krao_d900.pdf> <./figure/col_dim3_k
rao_d160000.pdf

pdfTeX warning: /Library/TeX/texbin/pdflatex (file ./figure/col_dim3_krao_d1600
00.pdf): PDF inclusion: multiple pdfs with page group included in a single page

> <./figure/col_dim4_krao_d1000000.pdf

pdfTeX warning: /Library/TeX/texbin/pdflatex (file ./figure/col_dim4_krao_d1000
000.pdf): PDF inclusion: multiple pdfs with page group included in a single pag
e
>] (./main.bbl
Underfull \hbox (badness 2073) in paragraph at lines 9--14
[]\OT1/cmr/m/n/10 (+20) Dimitris Achliop-tas.  Database-friendly ran-dom pro-je
c-tions: Johnson-
 []

[11

]
Package microtype Info: Loading generic protrusion settings for font family
(microtype)             `cmtt' (encoding: OT1).
(microtype)             For optimal results, create family-specific settings.
(microtype)             See the microtype manual for details.
 [12]
LaTeX Font Info:    Try loading font information for OMS+cmr on input line 193.

 (/usr/local/texlive/2018/texmf-dist/tex/latex/base/omscmr.fd
File: omscmr.fd 2014/09/29 v2.5h Standard LaTeX font definitions
)
LaTeX Font Info:    Font shape `OMS/cmr/m/it' in size <10> not available
(Font)              Font shape `OMS/cmsy/m/n' tried instead on input line 193.
LaTeX Font Info:    Font shape `OMS/cmr/m/n' in size <10> not available
(Font)              Font shape `OMS/cmsy/m/n' tried instead on input line 193.
)
[13] (./appendix.tex (./appendix_bias_variance.tex
Overfull \hbox (20.3555pt too wide) in paragraph at lines 34--36
\OT1/cmr/m/n/10 (-20) where the first equa-tion in the sec-ond line comes from 
the fact that $\U/msb/m/n/10 E[] \U/matha/m/n/10 ^^P
 []

[14pdfTeX warning (ext4): destination with the same identifier (name{equation.1
.A.1}) has been already used, duplicate ignored

\AtBegShi@Output ...ipout \box \AtBeginShipoutBox 
                                                  \fi \fi 
l.48 
     ]pdfTeX warning (ext4): destination with the same identifier (name{equatio
n.1.A.1}) has been already used, duplicate ignored
<to be read again> 
                   \relax 
l.49 \begin{equation}
                     pdfTeX warning (ext4): destination with the same identifie
r (name{equation.1.A.1}) has been already used, duplicate ignored
<to be read again> 
                   \relax 
l.60 \begin{equation}
                     
Overfull \hbox (1.41023pt too wide) in paragraph at lines 78--80
[]\OT1/cmr/m/n/10 (-20) Let $\OT1/cmr/bx/n/10 y \U/matha/m/n/10 ^^P []$\OT1/cmr
/m/n/10 (-20) . We know from The-o-rem []3.1[] that $\U/msb/m/n/10 E\U/matha/m/
n/10 }[]p\OT1/cmr/bx/n/10 x\U/matha/m/n/10 q}[] ^^P []\U/msb/m/n/10 E\U/matha/m
/n/10 }[]}[] ^^P
 []

pdfTeX warning (ext4): destination with the same identifier (name{equation.1.A.
1}) has been already used, duplicate ignored
<to be read again> 
                   \relax 
l.88 \begin{equation}
                     
Overfull \hbox (27.2922pt too wide) detected at line 94
[][]
 []

[15]pdfTeX warning (ext4): destination with the same identifier (name{equation.
1.A.1}) has been already used, duplicate ignored
<to be read again> 
                   \relax 
l.104 \begin{equation}
                       \label{eq:TRP_fourth_moment}
Overfull \hbox (0.7082pt too wide) detected at line 113
[]\U/matha/m/n/10 p}[]p\OT1/cmr/bx/n/10 x\U/matha/m/n/10 q}[]q ^^P \U/msb/m/n/1
0 E\U/matha/m/n/10 }[]p\OT1/cmr/bx/n/10 x\U/matha/m/n/10 q}[] ^^A p\U/msb/m/n/1
0 E\U/matha/m/n/10 }[]p\OT1/cmr/bx/n/10 x\U/matha/m/n/10 q}[]q[] ^^P [] [] \OML
/cmm/m/it/10 :
 []


Overfull \hbox (113.09227pt too wide) detected at line 120
[][]
 []

[16pdfTeX warning (ext4): destination with the same identifier (name{equation.1
.A.2}) has been already used, duplicate ignored

\AtBegShi@Output ...ipout \box \AtBeginShipoutBox 
                                                  \fi \fi 
l.142 \end{equation}
                    pdfTeX warning (ext4): destination with the same identifier
 (name{equation.1.A.2}) has been already used, duplicate ignored

\AtBegShi@Output ...ipout \box \AtBeginShipoutBox 
                                                  \fi \fi 
l.142 \end{equation}
                    ]pdfTeX warning (ext4): destination with the same identifie
r (name{equation.1.A.2}) has been already used, duplicate ignored
<to be read again> 
                   \relax 
l.149 \begin{equation}
                       \label{eq: inner_prod_unbias}
Overfull \hbox (39.89406pt too wide) detected at line 155
[][][][]
 []

pdfTeX warning (ext4): destination with the same identifier (name{equation.1.A.
2}) has been already used, duplicate ignored
<to be read again> 
                   \relax 
l.183 \begin{equation}
                      \label{eq:inner_prod_second_moment}
Overfull \hbox (24.87462pt too wide) detected at line 191
[][]
 []

[17pdfTeX warning (ext4): destination with the same identifier (name{equation.1
.A.2}) has been already used, duplicate ignored

\AtBegShi@Output ...ipout \box \AtBeginShipoutBox 
                                                  \fi \fi 
l.200 \end{equation}
                    ]
Overfull \hbox (18.6142pt too wide) detected at line 211
[][]
 []


Overfull \hbox (94.51245pt too wide) detected at line 237
[][]
 []

[18pdfTeX warning (ext4): destination with the same identifier (name{equation.1
.A.3}) has been already used, duplicate ignored

\AtBegShi@Output ...ipout \box \AtBeginShipoutBox 
                                                  \fi \fi 
l.237 \end{equation*}
                     pdfTeX warning (ext4): destination with the same identifie
r (name{equation.1.A.3}) has been already used, duplicate ignored

\AtBegShi@Output ...ipout \box \AtBeginShipoutBox 
                                                  \fi \fi 
l.237 \end{equation*}
                     ] [19]) (./appendix_simulation.tex
File: figure/dist_g_d2500.pdf Graphic file (type pdf)
<use figure/dist_g_d2500.pdf>
Package pdftex.def Info: figure/dist_g_d2500.pdf  used on input line 9.
(pdftex.def)             Requested size: 130.087pt x 108.40584pt.

Overfull \hbox (19.68448pt too wide) in paragraph at lines 9--10
[][] 
 []

<figure/dist_g_d10000.pdf, id=490, 433.62pt x 361.35pt>
File: figure/dist_g_d10000.pdf Graphic file (type pdf)
<use figure/dist_g_d10000.pdf>
Package pdftex.def Info: figure/dist_g_d10000.pdf  used on input line 12.
(pdftex.def)             Requested size: 130.087pt x 108.40584pt.

Overfull \hbox (19.68448pt too wide) in paragraph at lines 12--13
[][] 
 []

<figure/dist_g_d40000.pdf, id=491, 433.62pt x 361.35pt>
File: figure/dist_g_d40000.pdf Graphic file (type pdf)
<use figure/dist_g_d40000.pdf>
Package pdftex.def Info: figure/dist_g_d40000.pdf  used on input line 15.
(pdftex.def)             Requested size: 130.087pt x 108.40584pt.

Overfull \hbox (19.68448pt too wide) in paragraph at lines 15--16
[][] 
 []

<figure/dist_sp0_d2500.pdf, id=492, 433.62pt x 361.35pt>
File: figure/dist_sp0_d2500.pdf Graphic file (type pdf)
<use figure/dist_sp0_d2500.pdf>
Package pdftex.def Info: figure/dist_sp0_d2500.pdf  used on input line 25.
(pdftex.def)             Requested size: 130.087pt x 108.40584pt.

Overfull \hbox (19.68448pt too wide) in paragraph at lines 25--26
[][] 
 []

<figure/dist_sp0_d10000.pdf, id=493, 433.62pt x 361.35pt>
File: figure/dist_sp0_d10000.pdf Graphic file (type pdf)
<use figure/dist_sp0_d10000.pdf>
Package pdftex.def Info: figure/dist_sp0_d10000.pdf  used on input line 28.
(pdftex.def)             Requested size: 130.087pt x 108.40584pt.

Overfull \hbox (19.68448pt too wide) in paragraph at lines 28--29
[][] 
 []

<figure/dist_sp0_d40000.pdf, id=494, 433.62pt x 361.35pt>
File: figure/dist_sp0_d40000.pdf Graphic file (type pdf)
<use figure/dist_sp0_d40000.pdf>
Package pdftex.def Info: figure/dist_sp0_d40000.pdf  used on input line 31.
(pdftex.def)             Requested size: 130.087pt x 108.40584pt.

Overfull \hbox (19.68448pt too wide) in paragraph at lines 31--32
[][] 
 []

File: figure/dist_sp1_d2500.pdf Graphic file (type pdf)
<use figure/dist_sp1_d2500.pdf>
Package pdftex.def Info: figure/dist_sp1_d2500.pdf  used on input line 40.
(pdftex.def)             Requested size: 130.087pt x 108.40584pt.

Overfull \hbox (19.68448pt too wide) in paragraph at lines 40--41
[][] 
 []

<figure/dist_sp1_d10000.pdf, id=495, 433.62pt x 361.35pt>
File: figure/dist_sp1_d10000.pdf Graphic file (type pdf)
<use figure/dist_sp1_d10000.pdf>
Package pdftex.def Info: figure/dist_sp1_d10000.pdf  used on input line 43.
(pdftex.def)             Requested size: 130.087pt x 108.40584pt.

Overfull \hbox (19.68448pt too wide) in paragraph at lines 43--44
[][] 
 []

<figure/dist_sp1_d40000.pdf, id=496, 433.62pt x 361.35pt>
File: figure/dist_sp1_d40000.pdf Graphic file (type pdf)
<use figure/dist_sp1_d40000.pdf>
Package pdftex.def Info: figure/dist_sp1_d40000.pdf  used on input line 46.
(pdftex.def)             Requested size: 130.087pt x 108.40584pt.

Overfull \hbox (19.68448pt too wide) in paragraph at lines 46--47
[][] 
 []

<figure/dist_g_d125000.pdf, id=497, 433.62pt x 361.35pt>
File: figure/dist_g_d125000.pdf Graphic file (type pdf)
<use figure/dist_g_d125000.pdf>
Package pdftex.def Info: figure/dist_g_d125000.pdf  used on input line 55.
(pdftex.def)             Requested size: 130.087pt x 108.40584pt.

Overfull \hbox (19.68448pt too wide) in paragraph at lines 55--56
[][] 
 []

<figure/dist_sp0_d125000.pdf, id=498, 433.62pt x 361.35pt>
File: figure/dist_sp0_d125000.pdf Graphic file (type pdf)
<use figure/dist_sp0_d125000.pdf>
Package pdftex.def Info: figure/dist_sp0_d125000.pdf  used on input line 58.
(pdftex.def)             Requested size: 130.087pt x 108.40584pt.

Overfull \hbox (19.68448pt too wide) in paragraph at lines 58--59
[][] 
 []

<figure/dist_sp1_d125000.pdf, id=499, 433.62pt x 361.35pt>
File: figure/dist_sp1_d125000.pdf Graphic file (type pdf)
<use figure/dist_sp1_d125000.pdf>
Package pdftex.def Info: figure/dist_sp1_d125000.pdf  used on input line 61.
(pdftex.def)             Requested size: 130.087pt x 108.40584pt.

Overfull \hbox (19.68448pt too wide) in paragraph at lines 61--62
[][] 
 []

[20

 <./figure/dist_g_d10000.pdf> <./figure/dist_g_d40000.pdf

pdfTeX warning: /Library/TeX/texbin/pdflatex (file ./figure/dist_g_d40000.pdf):
 PDF inclusion: multiple pdfs with page group included in a single page
> <./figure/dist_sp0_d2500.pdf

pdfTeX warning: /Library/TeX/texbin/pdflatex (file ./figure/dist_sp0_d2500.pdf)
: PDF inclusion: multiple pdfs with page group included in a single page
> <./figure/dist_sp0_d10000.pdf

pdfTeX warning: /Library/TeX/texbin/pdflatex (file ./figure/dist_sp0_d10000.pdf
): PDF inclusion: multiple pdfs with page group included in a single page
> <./figure/dist_sp0_d40000.pdf

pdfTeX warning: /Library/TeX/texbin/pdflatex (file ./figure/dist_sp0_d40000.pdf
): PDF inclusion: multiple pdfs with page group included in a single page
>]) (./appendix_finite_sample_bound.tex [21 <./figure/dist_sp1_d10000.pdf> <./f
igure/dist_sp1_d40000.pdf

pdfTeX warning: /Library/TeX/texbin/pdflatex (file ./figure/dist_sp1_d40000.pdf
): PDF inclusion: multiple pdfs with page group included in a single page
> <./figure/dist_g_d125000.pdf

pdfTeX warning: /Library/TeX/texbin/pdflatex (file ./figure/dist_g_d125000.pdf)
: PDF inclusion: multiple pdfs with page group included in a single page
> <./figure/dist_sp0_d125000.pdf

pdfTeX warning: /Library/TeX/texbin/pdflatex (file ./figure/dist_sp0_d125000.pd
f): PDF inclusion: multiple pdfs with page group included in a single page
> <./figure/dist_sp1_d125000.pdf

pdfTeX warning: /Library/TeX/texbin/pdflatex (file ./figure/dist_sp1_d125000.pd
f): PDF inclusion: multiple pdfs with page group included in a single page
>]

LaTeX Warning: Reference `lemma: norm-preserve' on page 22 undefined on input l
ine 18.


LaTeX Warning: Reference `lemma: norm-preserve' on page 22 undefined on input l
ine 18.

[22pdfTeX warning (ext4): destination with the same identifier (name{equation.1
.C.2}) has been already used, duplicate ignored

\AtBegShi@Output ...ipout \box \AtBeginShipoutBox 
                                                  \fi \fi 
l.57 	\end{equation}
                    pdfTeX warning (ext4): destination with the same identifier
 (name{equation.1.C.2}) has been already used, duplicate ignored

\AtBegShi@Output ...ipout \box \AtBeginShipoutBox 
                                                  \fi \fi 
l.57 	\end{equation}
                    pdfTeX warning (ext4): destination with the same identifier
 (name{equation.1.C.2}) has been already used, duplicate ignored

\AtBegShi@Output ...ipout \box \AtBeginShipoutBox 
                                                  \fi \fi 
l.57 	\end{equation}
                    pdfTeX warning (ext4): destination with the same identifier
 (name{equation.1.C.2}) has been already used, duplicate ignored

\AtBegShi@Output ...ipout \box \AtBeginShipoutBox 
                                                  \fi \fi 
l.57 	\end{equation}
                    ]) (./appendix_tech_lemmas.tex [23pdfTeX warning (ext4): de
stination with the same identifier (name{equation.1.C.2}) has been already used
, duplicate ignored

\AtBegShi@Output ...ipout \box \AtBeginShipoutBox 
                                                  \fi \fi 
l.7 	\begin{equation}
                     pdfTeX warning (ext4): destination with the same identifie
r (name{equation.1.C.2}) has been already used, duplicate ignored

\AtBegShi@Output ...ipout \box \AtBeginShipoutBox 
                                                  \fi \fi 
l.7 	\begin{equation}
                     pdfTeX warning (ext4): destination with the same identifie
r (name{equation.1.C.3}) has been already used, duplicate ignored

\AtBegShi@Output ...ipout \box \AtBeginShipoutBox 
                                                  \fi \fi 
l.7 	\begin{equation}
                     pdfTeX warning (ext4): destination with the same identifie
r (name{equation.1.C.3}) has been already used, duplicate ignored

\AtBegShi@Output ...ipout \box \AtBeginShipoutBox 
                                                  \fi \fi 
l.7 	\begin{equation}
                     ] [24pdfTeX warning (ext4): destination with the same iden
tifier (name{equation.1.D.2}) has been already used, duplicate ignored

\AtBegShi@Output ...ipout \box \AtBeginShipoutBox 
                                                  \fi \fi 
l.62 	\end{equation}
                    pdfTeX warning (ext4): destination with the same identifier
 (name{equation.1.D.2}) has been already used, duplicate ignored

\AtBegShi@Output ...ipout \box \AtBeginShipoutBox 
                                                  \fi \fi 
l.62 	\end{equation}
                    pdfTeX warning (ext4): destination with the same identifier
 (name{equation.1.D.2}) has been already used, duplicate ignored

\AtBegShi@Output ...ipout \box \AtBeginShipoutBox 
                                                  \fi \fi 
l.62 	\end{equation}
                    ]))
Package atveryend Info: Empty hook `BeforeClearDocument' on input line 169.
 [25]
Package atveryend Info: Empty hook `AfterLastShipout' on input line 169.
 (./main.aux)
Package atveryend Info: Executing hook `AtVeryEndDocument' on input line 169.
Package atveryend Info: Executing hook `AtEndAfterFileList' on input line 169.
Package rerunfilecheck Info: File `main.out' has not changed.
(rerunfilecheck)             Checksum: 22149CBBC3425679E3D00B1366354F0B;931.


LaTeX Warning: There were undefined references.

Package atveryend Info: Empty hook `AtVeryVeryEnd' on input line 169.
 ) 
Here is how much of TeX's memory you used:
 12910 strings out of 492649
 208433 string characters out of 6129622
 343146 words of memory out of 5000000
 16247 multiletter control sequences out of 15000+600000
 27340 words of font info for 155 fonts, out of 8000000 for 9000
 1141 hyphenation exceptions out of 8191
 42i,12n,40p,884b,566s stack positions out of 5000i,500n,10000p,200000b,80000s
</usr/local/texlive/2018/texmf-dist/fonts/type1/public/amsfonts/cm/cmbx10.pfb
></usr/local/texlive/2018/texmf-dist/fonts/type1/public/amsfonts/cm/cmbx12.pfb>
</usr/local/texlive/2018/texmf-dist/fonts/type1/public/amsfonts/cm/cmbx5.pfb></
usr/local/texlive/2018/texmf-dist/fonts/type1/public/amsfonts/cm/cmbx7.pfb></us
r/local/texlive/2018/texmf-dist/fonts/type1/public/amsfonts/cm/cmbx9.pfb></usr/
local/texlive/2018/texmf-dist/fonts/type1/public/amsfonts/cm/cmcsc10.pfb></usr/
local/texlive/2018/texmf-dist/fonts/type1/public/amsfonts/cm/cmmi10.pfb></usr/l
ocal/texlive/2018/texmf-dist/fonts/type1/public/amsfonts/cm/cmmi12.pfb></usr/lo
cal/texlive/2018/texmf-dist/fonts/type1/public/amsfonts/cm/cmmi5.pfb></usr/loca
l/texlive/2018/texmf-dist/fonts/type1/public/amsfonts/cm/cmmi7.pfb></usr/local/
texlive/2018/texmf-dist/fonts/type1/public/amsfonts/cm/cmr10.pfb></usr/local/te
xlive/2018/texmf-dist/fonts/type1/public/amsfonts/cm/cmr12.pfb></usr/local/texl
ive/2018/texmf-dist/fonts/type1/public/amsfonts/cm/cmr17.pfb></usr/local/texliv
e/2018/texmf-dist/fonts/type1/public/amsfonts/cm/cmr5.pfb></usr/local/texlive/2
018/texmf-dist/fonts/type1/public/amsfonts/cm/cmr7.pfb></usr/local/texlive/2018
/texmf-dist/fonts/type1/public/amsfonts/cm/cmr8.pfb></usr/local/texlive/2018/te
xmf-dist/fonts/type1/public/amsfonts/cm/cmr9.pfb></usr/local/texlive/2018/texmf
-dist/fonts/type1/public/amsfonts/cm/cmsy10.pfb></usr/local/texlive/2018/texmf-
dist/fonts/type1/public/amsfonts/cm/cmti10.pfb></usr/local/texlive/2018/texmf-d
ist/fonts/type1/public/amsfonts/cm/cmtt10.pfb></usr/local/texlive/2018/texmf-di
st/fonts/type1/public/amsfonts/euler/eusm10.pfb></usr/local/texlive/2018/texmf-
dist/fonts/type1/public/mathabx-type1/matha10.pfb></usr/local/texlive/2018/texm
f-dist/fonts/type1/public/mathabx-type1/matha5.pfb></usr/local/texlive/2018/tex
mf-dist/fonts/type1/public/mathabx-type1/matha7.pfb></usr/local/texlive/2018/te
xmf-dist/fonts/type1/public/mathabx-type1/mathx10.pfb></usr/local/texlive/2018/
texmf-dist/fonts/type1/public/amsfonts/symbols/msbm10.pfb></usr/local/texlive/2
018/texmf-dist/fonts/type1/public/amsfonts/symbols/msbm7.pfb>
Output written on main.pdf (25 pages, 578734 bytes).
PDF statistics:
 866 PDF objects out of 1000 (max. 8388607)
 654 compressed objects within 7 object streams
 138 named destinations out of 1000 (max. 500000)
 19662 words of extra memory for PDF output out of 20736 (max. 10000000)

