This is pdfTeX, Version 3.14159265-2.6-1.40.19 (TeX Live 2018) (preloaded format=pdflatex 2018.4.16)  23 AUG 2019 20:32
entering extended mode
 restricted \write18 enabled.
 %&-line parsing enabled.
**main.tex
(./main.tex
LaTeX2e <2018-04-01> patch level 2
Babel <3.18> and hyphenation patterns for 84 language(s) loaded.
(./siamart171218.cls
Document Class: siamart171218 2017/12/18 v1.4.2 LaTeX document e-class
(/usr/local/texlive/2018/texmf-dist/tex/latex/amsmath/amsmath.sty
Package: amsmath 2017/09/02 v2.17a AMS math features
\@mathmargin=\skip41

For additional information on amsmath, use the `?' option.
(/usr/local/texlive/2018/texmf-dist/tex/latex/amsmath/amstext.sty
Package: amstext 2000/06/29 v2.01 AMS text

(/usr/local/texlive/2018/texmf-dist/tex/latex/amsmath/amsgen.sty
File: amsgen.sty 1999/11/30 v2.0 generic functions
\@emptytoks=\toks14
\ex@=\dimen102
))
(/usr/local/texlive/2018/texmf-dist/tex/latex/amsmath/amsbsy.sty
Package: amsbsy 1999/11/29 v1.2d Bold Symbols
\pmbraise@=\dimen103
)
(/usr/local/texlive/2018/texmf-dist/tex/latex/amsmath/amsopn.sty
Package: amsopn 2016/03/08 v2.02 operator names
)
\inf@bad=\count80
LaTeX Info: Redefining \frac on input line 213.
\uproot@=\count81
\leftroot@=\count82
LaTeX Info: Redefining \overline on input line 375.
\classnum@=\count83
\DOTSCASE@=\count84
LaTeX Info: Redefining \ldots on input line 472.
LaTeX Info: Redefining \dots on input line 475.
LaTeX Info: Redefining \cdots on input line 596.
\Mathstrutbox@=\box26
\strutbox@=\box27
\big@size=\dimen104
LaTeX Font Info:    Redeclaring font encoding OML on input line 712.
LaTeX Font Info:    Redeclaring font encoding OMS on input line 713.
\macc@depth=\count85
\c@MaxMatrixCols=\count86
\dotsspace@=\muskip10
\c@parentequation=\count87
\dspbrk@lvl=\count88
\tag@help=\toks15
\row@=\count89
\column@=\count90
\maxfields@=\count91
\andhelp@=\toks16
\eqnshift@=\dimen105
\alignsep@=\dimen106
\tagshift@=\dimen107
\tagwidth@=\dimen108
\totwidth@=\dimen109
\lineht@=\dimen110
\@envbody=\toks17
\multlinegap=\skip42
\multlinetaggap=\skip43
\mathdisplay@stack=\toks18
LaTeX Info: Redefining \[ on input line 2817.
LaTeX Info: Redefining \] on input line 2818.
)
(/usr/local/texlive/2018/texmf-dist/tex/latex/ntheorem/ntheorem.sty
Style `ntheorem', Version 1.33 <2011/08/15>
Package: ntheorem 2011/08/15 1.33
(/usr/local/texlive/2018/texmf-dist/tex/latex/base/ifthen.sty
Package: ifthen 2014/09/29 v1.1c Standard LaTeX ifthen package (DPC)
)
\theorem@style=\toks19
\theorem@@style=\toks20
\theorembodyfont=\toks21
\theoremnumbering=\toks22
\theorempreskipamount=\skip44
\theorempostskipamount=\skip45
\theoremframepreskipamount=\skip46
\theoremframepostskipamount=\skip47
\theoreminframepreskipamount=\skip48
\theoreminframepostskipamount=\skip49
\theorem@preskip=\toks23
\theorem@postskip=\toks24
\theorem@framepreskip=\toks25
\theorem@framepostskip=\toks26
\theorem@inframepreskip=\toks27
\theorem@inframepostskip=\toks28
\theoremindent=\dimen111
\theorem@indent=\dimen112
\theoremrightindent=\dimen113
\theorem@rightindent=\dimen114
\theoremheaderfont=\toks29
\theoremseparator=\toks30
\theoremprework=\toks31
\theorempostwork=\toks32
\theoremsymbol=\toks33
\qedsymbol=\toks34
\theoremkeyword=\toks35
\qedsymbol=\toks36
\thm@topsep=\skip50
\thm@topsepadd=\skip51
Package ntheorem Info: Option `thmmarks' loaded on input line 1175.
\c@endNonectr=\count92
\c@currNonectr=\count93
\mysavskip=\skip52
Package ntheorem Info: option `amsmath' handling for `thmmarks' loaded on input
 line 1175.
\thm@amstmpdepth=\dimen115
\tagwidth=\dimen116
)
\fromfoliotocopyright=\skip53
\c@section=\count94
\c@subsection=\count95
\c@subsubsection=\count96
\c@paragraph=\count97
\c@subparagraph=\count98
\c@rmnum=\count99
\c@muni=\count100
\@sectionspace=\skip54
\@negsectionspace=\skip55
\c@figure=\count101
\c@table=\count102
\abovecaptionskip=\skip56
\belowcaptionskip=\skip57
\bibindent=\dimen117

(/usr/local/texlive/2018/texmf-dist/tex/latex/hyperref/xr-hyper.sty
Package: xr-hyper 2000/03/22 v6.00beta4 eXternal References (DPC)
)
(/usr/local/texlive/2018/texmf-dist/tex/generic/oberdiek/ifpdf.sty
Package: ifpdf 2017/03/15 v3.2 Provides the ifpdf switch
)
(/usr/local/texlive/2018/texmf-dist/tex/latex/hyperref/hyperref.sty
Package: hyperref 2018/02/06 v6.86b Hypertext links for LaTeX

(/usr/local/texlive/2018/texmf-dist/tex/generic/oberdiek/hobsub-hyperref.sty
Package: hobsub-hyperref 2016/05/16 v1.14 Bundle oberdiek, subset hyperref (HO)


(/usr/local/texlive/2018/texmf-dist/tex/generic/oberdiek/hobsub-generic.sty
Package: hobsub-generic 2016/05/16 v1.14 Bundle oberdiek, subset generic (HO)
Package: hobsub 2016/05/16 v1.14 Construct package bundles (HO)
Package: infwarerr 2016/05/16 v1.4 Providing info/warning/error messages (HO)
Package: ltxcmds 2016/05/16 v1.23 LaTeX kernel commands for general use (HO)
Package: ifluatex 2016/05/16 v1.4 Provides the ifluatex switch (HO)
Package ifluatex Info: LuaTeX not detected.
Package: ifvtex 2016/05/16 v1.6 Detect VTeX and its facilities (HO)
Package ifvtex Info: VTeX not detected.
Package: intcalc 2016/05/16 v1.2 Expandable calculations with integers (HO)
Package hobsub Info: Skipping package `ifpdf' (already loaded).
Package: etexcmds 2016/05/16 v1.6 Avoid name clashes with e-TeX commands (HO)
Package etexcmds Info: Could not find \expanded.
(etexcmds)             That can mean that you are not using pdfTeX 1.50 or
(etexcmds)             that some package has redefined \expanded.
(etexcmds)             In the latter case, load this package earlier.
Package: kvsetkeys 2016/05/16 v1.17 Key value parser (HO)
Package: kvdefinekeys 2016/05/16 v1.4 Define keys (HO)
Package: pdftexcmds 2018/01/30 v0.27 Utility functions of pdfTeX for LuaTeX (HO
)
Package pdftexcmds Info: LuaTeX not detected.
Package pdftexcmds Info: \pdf@primitive is available.
Package pdftexcmds Info: \pdf@ifprimitive is available.
Package pdftexcmds Info: \pdfdraftmode found.
Package: pdfescape 2016/05/16 v1.14 Implements pdfTeX's escape features (HO)
Package: bigintcalc 2016/05/16 v1.4 Expandable calculations on big integers (HO
)
Package: bitset 2016/05/16 v1.2 Handle bit-vector datatype (HO)
Package: uniquecounter 2016/05/16 v1.3 Provide unlimited unique counter (HO)
)
Package hobsub Info: Skipping package `hobsub' (already loaded).
Package: letltxmacro 2016/05/16 v1.5 Let assignment for LaTeX macros (HO)
Package: hopatch 2016/05/16 v1.3 Wrapper for package hooks (HO)
Package: xcolor-patch 2016/05/16 xcolor patch
Package: atveryend 2016/05/16 v1.9 Hooks at the very end of document (HO)
Package atveryend Info: \enddocument detected (standard20110627).
Package: atbegshi 2016/06/09 v1.18 At begin shipout hook (HO)
Package: refcount 2016/05/16 v3.5 Data extraction from label references (HO)
Package: hycolor 2016/05/16 v1.8 Color options for hyperref/bookmark (HO)
)
(/usr/local/texlive/2018/texmf-dist/tex/latex/graphics/keyval.sty
Package: keyval 2014/10/28 v1.15 key=value parser (DPC)
\KV@toks@=\toks37
)
(/usr/local/texlive/2018/texmf-dist/tex/generic/ifxetex/ifxetex.sty
Package: ifxetex 2010/09/12 v0.6 Provides ifxetex conditional
)
(/usr/local/texlive/2018/texmf-dist/tex/latex/oberdiek/auxhook.sty
Package: auxhook 2016/05/16 v1.4 Hooks for auxiliary files (HO)
)
(/usr/local/texlive/2018/texmf-dist/tex/latex/oberdiek/kvoptions.sty
Package: kvoptions 2016/05/16 v3.12 Key value format for package options (HO)
)
\@linkdim=\dimen118
\Hy@linkcounter=\count103
\Hy@pagecounter=\count104

(/usr/local/texlive/2018/texmf-dist/tex/latex/hyperref/pd1enc.def
File: pd1enc.def 2018/02/06 v6.86b Hyperref: PDFDocEncoding definition (HO)
Now handling font encoding PD1 ...
... no UTF-8 mapping file for font encoding PD1
)
\Hy@SavedSpaceFactor=\count105

(/usr/local/texlive/2018/texmf-dist/tex/latex/latexconfig/hyperref.cfg
File: hyperref.cfg 2002/06/06 v1.2 hyperref configuration of TeXLive
)
Package hyperref Info: Hyper figures OFF on input line 4509.
Package hyperref Info: Link nesting OFF on input line 4514.
Package hyperref Info: Hyper index ON on input line 4517.
Package hyperref Info: Plain pages OFF on input line 4524.
Package hyperref Info: Backreferencing OFF on input line 4529.
Package hyperref Info: Implicit mode ON; LaTeX internals redefined.
Package hyperref Info: Bookmarks ON on input line 4762.
\c@Hy@tempcnt=\count106

(/usr/local/texlive/2018/texmf-dist/tex/latex/url/url.sty
\Urlmuskip=\muskip11
Package: url 2013/09/16  ver 3.4  Verb mode for urls, etc.
)
LaTeX Info: Redefining \url on input line 5115.
\XeTeXLinkMargin=\dimen119
\Fld@menulength=\count107
\Field@Width=\dimen120
\Fld@charsize=\dimen121
Package hyperref Info: Hyper figures OFF on input line 6369.
Package hyperref Info: Link nesting OFF on input line 6374.
Package hyperref Info: Hyper index ON on input line 6377.
Package hyperref Info: backreferencing OFF on input line 6384.
Package hyperref Info: Link coloring OFF on input line 6389.
Package hyperref Info: Link coloring with OCG OFF on input line 6394.
Package hyperref Info: PDF/A mode OFF on input line 6399.
LaTeX Info: Redefining \ref on input line 6439.
LaTeX Info: Redefining \pageref on input line 6443.
\Hy@abspage=\count108
\c@Item=\count109
\c@Hfootnote=\count110
)
Package hyperref Info: Driver (autodetected): hpdftex.

(/usr/local/texlive/2018/texmf-dist/tex/latex/hyperref/hpdftex.def
File: hpdftex.def 2018/02/06 v6.86b Hyperref driver for pdfTeX
\Fld@listcount=\count111
\c@bookmark@seq@number=\count112

(/usr/local/texlive/2018/texmf-dist/tex/latex/oberdiek/rerunfilecheck.sty
Package: rerunfilecheck 2016/05/16 v1.8 Rerun checks for auxiliary files (HO)
Package uniquecounter Info: New unique counter `rerunfilecheck' on input line 2
82.
)
\Hy@SectionHShift=\skip58
)
Package hyperref Info: Option `colorlinks' set `false' on input line 1286.
Package hyperref Info: Option `frenchlinks' set `false' on input line 1286.
Package hyperref Info: Option `naturalnames' set `false' on input line 1286.
Package hyperref Info: Option `hypertexnames' set `false' on input line 1286.
Package hyperref Info: Option `breaklinks' set `true' on input line 1286.

(/usr/local/texlive/2018/texmf-dist/tex/latex/graphics/graphics.sty
Package: graphics 2017/06/25 v1.2c Standard LaTeX Graphics (DPC,SPQR)

(/usr/local/texlive/2018/texmf-dist/tex/latex/graphics/trig.sty
Package: trig 2016/01/03 v1.10 sin cos tan (DPC)
)
(/usr/local/texlive/2018/texmf-dist/tex/latex/graphics-cfg/graphics.cfg
File: graphics.cfg 2016/06/04 v1.11 sample graphics configuration
)
Package graphics Info: Driver file: pdftex.def on input line 99.

(/usr/local/texlive/2018/texmf-dist/tex/latex/graphics-def/pdftex.def
File: pdftex.def 2018/01/08 v1.0l Graphics/color driver for pdftex
))
(/usr/local/texlive/2018/texmf-dist/tex/latex/graphics/graphicx.sty
Package: graphicx 2017/06/01 v1.1a Enhanced LaTeX Graphics (DPC,SPQR)
\Gin@req@height=\dimen122
\Gin@req@width=\dimen123
)
(/usr/local/texlive/2018/texmf-dist/tex/latex/oberdiek/epstopdf.sty
Package: epstopdf 2016/05/15 v2.6 Conversion with epstopdf on the fly (HO)

(/usr/local/texlive/2018/texmf-dist/tex/latex/oberdiek/epstopdf-base.sty
Package: epstopdf-base 2016/05/15 v2.6 Base part for package epstopdf

(/usr/local/texlive/2018/texmf-dist/tex/latex/oberdiek/grfext.sty
Package: grfext 2016/05/16 v1.2 Manage graphics extensions (HO)
)
Package epstopdf-base Info: Redefining graphics rule for `.eps' on input line 4
38.
Package grfext Info: Graphics extension search list:
(grfext)             [.pdf,.png,.jpg,.mps,.jpeg,.jbig2,.jb2,.PDF,.PNG,.JPG,.JPE
G,.JBIG2,.JB2,.eps]
(grfext)             \AppendGraphicsExtensions on input line 456.

(/usr/local/texlive/2018/texmf-dist/tex/latex/latexconfig/epstopdf-sys.cfg
File: epstopdf-sys.cfg 2010/07/13 v1.3 Configuration of (r)epstopdf for TeX Liv
e
)))
(/usr/local/texlive/2018/texmf-dist/tex/latex/xcolor/xcolor.sty
Package: xcolor 2016/05/11 v2.12 LaTeX color extensions (UK)

(/usr/local/texlive/2018/texmf-dist/tex/latex/graphics-cfg/color.cfg
File: color.cfg 2016/01/02 v1.6 sample color configuration
)
Package xcolor Info: Driver file: pdftex.def on input line 225.
Package xcolor Info: Model `cmy' substituted by `cmy0' on input line 1348.
Package xcolor Info: Model `hsb' substituted by `rgb' on input line 1352.
Package xcolor Info: Model `RGB' extended on input line 1364.
Package xcolor Info: Model `HTML' substituted by `rgb' on input line 1366.
Package xcolor Info: Model `Hsb' substituted by `hsb' on input line 1367.
Package xcolor Info: Model `tHsb' substituted by `hsb' on input line 1368.
Package xcolor Info: Model `HSB' substituted by `hsb' on input line 1369.
Package xcolor Info: Model `Gray' substituted by `gray' on input line 1370.
Package xcolor Info: Model `wave' substituted by `hsb' on input line 1371.
)
Package hyperref Info: Option `colorlinks' set `true' on input line 1322.

(/usr/local/texlive/2018/texmf-dist/tex/latex/oberdiek/hypcap.sty
Package: hypcap 2016/05/16 v1.12 Adjusting the anchors of captions (HO)
)
(/usr/local/texlive/2018/texmf-dist/tex/latex/algorithms/algorithm.sty
Package: algorithm 2009/08/24 v0.1 Document Style `algorithm' - floating enviro
nment

(/usr/local/texlive/2018/texmf-dist/tex/latex/float/float.sty
Package: float 2001/11/08 v1.3d Float enhancements (AL)
\c@float@type=\count113
\float@exts=\toks38
\float@box=\box28
\@float@everytoks=\toks39
\@floatcapt=\box29
)
\@float@every@algorithm=\toks40
\c@algorithm=\count114
)
(/usr/local/texlive/2018/texmf-dist/tex/latex/cleveref/cleveref.sty
Package: cleveref 2018/03/03 v0.21.3 Intelligent cross-referencing
Package cleveref Info: `hyperref' support loaded on input line 2234.
LaTeX Info: Redefining \cref on input line 2234.
LaTeX Info: Redefining \Cref on input line 2234.
LaTeX Info: Redefining \crefrange on input line 2234.
LaTeX Info: Redefining \Crefrange on input line 2234.
LaTeX Info: Redefining \cpageref on input line 2234.
LaTeX Info: Redefining \Cpageref on input line 2234.
LaTeX Info: Redefining \cpagerefrange on input line 2234.
LaTeX Info: Redefining \Cpagerefrange on input line 2234.
LaTeX Info: Redefining \labelcref on input line 2234.
LaTeX Info: Redefining \labelcpageref on input line 2234.
Package cleveref Info: `ntheorem' support loaded on input line 2919.
Package cleveref Info: always capitalise cross-reference names on input line 76
94.
Package cleveref Info: include cross-reference names in hyperlinks on input lin
e 7700.
Package cleveref Info: always capitalise cross-reference names on input line 77
16.
Package cleveref Info: include cross-reference names in hyperlinks on input lin
e 7716.
)
\c@currproofctr=\count115
\c@endproofctr=\count116
\c@proof=\count117
\c@currtheoremctr=\count118
\c@endtheoremctr=\count119
\c@theorem=\count120
\c@currlemmactr=\count121
\c@endlemmactr=\count122
\c@currcorollaryctr=\count123
\c@endcorollaryctr=\count124
\c@currpropositionctr=\count125
\c@endpropositionctr=\count126
\c@currdefinitionctr=\count127
\c@enddefinitionctr=\count128

(/usr/local/texlive/2018/texmf-dist/tex/latex/lineno/lineno.sty
Package: lineno 2005/11/02 line numbers on paragraphs v4.41
\linenopenalty=\count129
\output=\toks41
\linenoprevgraf=\count130
\linenumbersep=\dimen124
\linenumberwidth=\dimen125
\c@linenumber=\count131
\c@pagewiselinenumber=\count132
\c@LN@truepage=\count133
\c@internallinenumber=\count134
\c@internallinenumbers=\count135
\quotelinenumbersep=\dimen126
\bframerule=\dimen127
\bframesep=\dimen128
\bframebox=\box30
LaTeX Info: Redefining \\ on input line 3056.
))
(./ex_shared.tex (/usr/local/texlive/2018/texmf-dist/tex/latex/tools/bm.sty
Package: bm 2017/01/16 v1.2c Bold Symbol Support (DPC/FMi)
\symboldoperators=\mathgroup4
\symboldletters=\mathgroup5
\symboldsymbols=\mathgroup6
LaTeX Font Info:    Redeclaring math alphabet \mathbf on input line 141.
LaTeX Info: Redefining \bm on input line 207.
)
(/usr/local/texlive/2018/texmf-dist/tex/latex/stmaryrd/stmaryrd.sty
Package: stmaryrd 1994/03/03 St Mary's Road symbol package
\symstmry=\mathgroup7
LaTeX Font Info:    Overwriting symbol font `stmry' in version `bold'
(Font)                  U/stmry/m/n --> U/stmry/b/n on input line 89.
)
(/usr/local/texlive/2018/texmf-dist/tex/latex/amsfonts/amsfonts.sty
Package: amsfonts 2013/01/14 v3.01 Basic AMSFonts support
\symAMSa=\mathgroup8
\symAMSb=\mathgroup9
LaTeX Font Info:    Overwriting math alphabet `\mathfrak' in version `bold'
(Font)                  U/euf/m/n --> U/euf/b/n on input line 106.
)
\c@currremarkctr=\count136
\c@endremarkctr=\count137
\c@currhypothesisctr=\count138
\c@endhypothesisctr=\count139
\c@currclaimctr=\count140
\c@endclaimctr=\count141

(/usr/local/texlive/2018/texmf-dist/tex/latex/dblfloatfix/dblfloatfix.sty
Package: dblfloatfix 2012/12/31 v1.0a (JAW)

(/usr/local/texlive/2018/texmf-dist/tex/latex/base/fixltx2e.sty
Package: fixltx2e 2016/12/29 v2.1a fixes to LaTeX (obsolete)
Applying: [2015/01/01] Old fixltx2e package on input line 46.


Package fixltx2e Warning: fixltx2e is not required with releases after 2015
(fixltx2e)                All fixes are now in the LaTeX kernel.
(fixltx2e)                See the latexrelease package for details.

Already applied: [0000/00/00] Old fixltx2e package on input line 53.
)
\@dblbotnum=\count142
\c@dblbotnumber=\count143
) (/usr/local/texlive/2018/texmf-dist/tex/latex/base/fontenc.sty
Package: fontenc 2017/04/05 v2.0i Standard LaTeX package

(/usr/local/texlive/2018/texmf-dist/tex/latex/base/t1enc.def
File: t1enc.def 2017/04/05 v2.0i Standard LaTeX file
LaTeX Font Info:    Redeclaring font encoding T1 on input line 48.
))
(/usr/local/texlive/2018/texmf-dist/tex/latex/booktabs/booktabs.sty
Package: booktabs 2016/04/27 v1.618033 publication quality tables
\heavyrulewidth=\dimen129
\lightrulewidth=\dimen130
\cmidrulewidth=\dimen131
\belowrulesep=\dimen132
\belowbottomsep=\dimen133
\aboverulesep=\dimen134
\abovetopsep=\dimen135
\cmidrulesep=\dimen136
\cmidrulekern=\dimen137
\defaultaddspace=\dimen138
\@cmidla=\count144
\@cmidlb=\count145
\@aboverulesep=\dimen139
\@belowrulesep=\dimen140
\@thisruleclass=\count146
\@lastruleclass=\count147
\@thisrulewidth=\dimen141
)
(/usr/local/texlive/2018/texmf-dist/tex/latex/units/nicefrac.sty
Package: nicefrac 1998/08/04 v0.9b Nice fractions
\L@UnitsRaiseDisplaystyle=\skip59
\L@UnitsRaiseTextstyle=\skip60
\L@UnitsRaiseScriptstyle=\skip61
)
(/usr/local/texlive/2018/texmf-dist/tex/latex/microtype/microtype.sty
Package: microtype 2018/01/14 v2.7a Micro-typographical refinements (RS)
\MT@toks=\toks42
\MT@count=\count148
LaTeX Info: Redefining \textls on input line 793.
\MT@outer@kern=\dimen142
LaTeX Info: Redefining \textmicrotypecontext on input line 1339.
\MT@listname@count=\count149

(/usr/local/texlive/2018/texmf-dist/tex/latex/microtype/microtype-pdftex.def
File: microtype-pdftex.def 2018/01/14 v2.7a Definitions specific to pdftex (RS)

LaTeX Info: Redefining \lsstyle on input line 913.
LaTeX Info: Redefining \lslig on input line 913.
\MT@outer@space=\skip62
)
Package microtype Info: Loading configuration file microtype.cfg.

(/usr/local/texlive/2018/texmf-dist/tex/latex/microtype/microtype.cfg
File: microtype.cfg 2018/01/14 v2.7a microtype main configuration file (RS)
))
(/usr/local/texlive/2018/texmf-dist/tex/latex/amsfonts/euscript.sty
Package: euscript 2009/06/22 v3.00 Euler Script fonts
LaTeX Font Info:    Overwriting math alphabet `\EuScript' in version `bold'
(Font)                  U/eus/m/n --> U/eus/b/n on input line 33.
)
(/usr/local/texlive/2018/texmf-dist/tex/latex/algorithmicx/algpseudocode.sty
Package: algpseudocode 

(/usr/local/texlive/2018/texmf-dist/tex/latex/algorithmicx/algorithmicx.sty
Package: algorithmicx 2005/04/27 v1.2 Algorithmicx

Document Style algorithmicx 1.2 - a greatly improved `algorithmic' style
\c@ALG@line=\count150
\c@ALG@rem=\count151
\c@ALG@nested=\count152
\ALG@tlm=\skip63
\ALG@thistlm=\skip64
\c@ALG@Lnr=\count153
\c@ALG@blocknr=\count154
\c@ALG@storecount=\count155
\c@ALG@tmpcounter=\count156
\ALG@tmplength=\skip65
)
Document Style - pseudocode environments for use with the `algorithmicx' style
) (/usr/local/texlive/2018/texmf-dist/tex/latex/multirow/multirow.sty
Package: multirow 2016/11/25 v2.2 Span multiple rows of a table
\multirow@colwidth=\skip66
\multirow@cntb=\count157
\multirow@dima=\skip67
\bigstrutjot=\dimen143
)
(/usr/local/texlive/2018/texmf-dist/tex/latex/appendix/appendix.sty
Package: appendix 2009/09/02 v1.2b extra appendix facilities
\c@@pps=\count158
\c@@ppsavesec=\count159
\c@@ppsaveapp=\count160
)
(/usr/local/texlive/2018/texmf-dist/tex/latex/enumitem/enumitem.sty
Package: enumitem 2011/09/28 v3.5.2 Customized lists
\labelindent=\skip68
\enit@outerparindent=\dimen144
\enit@toks=\toks43
\enit@inbox=\box31
\enitdp@description=\count161
)
(/usr/local/texlive/2018/texmf-dist/tex/latex/caption/subcaption.sty
Package: subcaption 2016/05/22 v1.1-161 Sub-captions (AR)

(/usr/local/texlive/2018/texmf-dist/tex/latex/caption/caption.sty
Package: caption 2016/02/21 v3.3-144 Customizing captions (AR)

(/usr/local/texlive/2018/texmf-dist/tex/latex/caption/caption3.sty
Package: caption3 2016/05/22 v1.7-166 caption3 kernel (AR)
Package caption3 Info: TeX engine: e-TeX on input line 67.
\captionmargin=\dimen145
\captionmargin@=\dimen146
\captionwidth=\dimen147
\caption@tempdima=\dimen148
\caption@indent=\dimen149
\caption@parindent=\dimen150
\caption@hangindent=\dimen151
Package caption Info: Unknown document class (or package),
(caption)             standard defaults will be used.
)

Package caption Warning: Unsupported document class (or package) detected,
(caption)                usage of the caption package is not recommended.
See the caption package documentation for explanation.

Package caption Info: \@makecaption = \long macro:#1#2->\footnotesize \setlengt
h {\parindent }{1.5pc} \ifx \@captype \@figtxt \vskip \abovecaptionskip \setbox
 \@tempboxa \hbox {{\normalfont \scshape #1}. {\normalfont \itshape #2}}\ifdim 
\wd \@tempboxa >\hsize {\normalfont \scshape #1}. {\normalfont \itshape #2}\par
 \else \global \@minipagefalse \hb@xt@ \hsize {\hfil \box \@tempboxa \hfil }\fi
 \else \hbox to\hsize {\hfil {\normalfont \scshape #1}\hfil }\setbox \@tempboxa
 \hbox {{\normalfont \itshape #2}}\ifdim \wd \@tempboxa >\hsize {\normalfont \i
tshape #2}\par \else \global \@minipagefalse \hb@xt@ \hsize {\hfil \box \@tempb
oxa \hfil }\fi \vskip \belowcaptionskip \fi .
\c@ContinuedFloat=\count162
Package caption Info: float package is loaded.
Package caption Info: hyperref package is loaded.
Package caption Info: hypcap package is loaded.
)
\c@subfigure=\count163
\c@subtable=\count164
) (/usr/local/texlive/2018/texmf-dist/tex/generic/mathabx/mathabx.sty
Package: mathabx 2003/07/29 v0.0 Non-standard LaTeX package mathabx
\symmatha=\mathgroup10
\symmathb=\mathgroup11
\symmathx=\mathgroup12

(/usr/local/texlive/2018/texmf-dist/tex/generic/mathabx/mathabx.dcl
LaTeX Font Info:    Redeclaring math symbol \cdotp on input line 25.
LaTeX Font Info:    Redeclaring math symbol \times on input line 33.
LaTeX Font Info:    Redeclaring math symbol \div on input line 34.
LaTeX Font Info:    Redeclaring math symbol \cdot on input line 35.
LaTeX Font Info:    Redeclaring math symbol \circ on input line 36.
LaTeX Font Info:    Redeclaring math symbol \ast on input line 38.
LaTeX Font Info:    Redeclaring math symbol \pm on input line 41.
LaTeX Font Info:    Redeclaring math symbol \mp on input line 42.
LaTeX Font Info:    Redeclaring math symbol \diamond on input line 45.
LaTeX Font Info:    Redeclaring math symbol \bullet on input line 46.
LaTeX Font Info:    Redeclaring math symbol \star on input line 47.
LaTeX Font Info:    Redeclaring math symbol \amalg on input line 51.
LaTeX Font Info:    Redeclaring math symbol \square on input line 63.
LaTeX Font Info:    Redeclaring math symbol \equiv on input line 83.
LaTeX Font Info:    Redeclaring math symbol \sim on input line 84.
LaTeX Font Info:    Redeclaring math symbol \approx on input line 85.
LaTeX Font Info:    Redeclaring math symbol \simeq on input line 86.
LaTeX Font Info:    Redeclaring math symbol \asymp on input line 89.
LaTeX Font Info:    Redeclaring math symbol \neg on input line 134.
LaTeX Font Info:    Redeclaring math symbol \ll on input line 136.
LaTeX Font Info:    Redeclaring math symbol \gg on input line 137.
LaTeX Font Info:    Redeclaring math symbol \vdash on input line 139.
LaTeX Font Info:    Redeclaring math symbol \dashv on input line 140.
LaTeX Font Info:    Redeclaring math symbol \flat on input line 158.
LaTeX Font Info:    Redeclaring math symbol \natural on input line 159.
LaTeX Font Info:    Redeclaring math symbol \sharp on input line 160.
LaTeX Font Info:    Redeclaring math symbol \infty on input line 161.
LaTeX Font Info:    Redeclaring math symbol \propto on input line 162.
LaTeX Font Info:    Redeclaring math symbol \dagger on input line 163.
LaTeX Font Info:    Redeclaring math symbol \ddagger on input line 164.
LaTeX Font Info:    Redeclaring math symbol \smile on input line 171.
LaTeX Font Info:    Redeclaring math symbol \frown on input line 172.
LaTeX Font Info:    Redeclaring math symbol \setminus on input line 218.
LaTeX Font Info:    Redeclaring math symbol \mid on input line 222.
LaTeX Font Info:    Redeclaring math symbol \forall on input line 279.
LaTeX Font Info:    Redeclaring math symbol \partial on input line 281.
LaTeX Font Info:    Redeclaring math symbol \exists on input line 284.
LaTeX Font Info:    Redeclaring math symbol \emptyset on input line 288.
LaTeX Font Info:    Redeclaring math symbol \top on input line 290.
LaTeX Font Info:    Redeclaring math symbol \bot on input line 291.
LaTeX Font Info:    Redeclaring math symbol \perp on input line 292.
LaTeX Font Info:    Redeclaring math symbol \in on input line 299.
LaTeX Font Info:    Redeclaring math symbol \owns on input line 300.
LaTeX Font Info:    Redeclaring math symbol \cap on input line 312.
LaTeX Font Info:    Redeclaring math symbol \cup on input line 313.
LaTeX Font Info:    Redeclaring math symbol \uplus on input line 314.
LaTeX Font Info:    Redeclaring math symbol \sqcap on input line 315.
LaTeX Font Info:    Redeclaring math symbol \sqcup on input line 316.
LaTeX Font Info:    Redeclaring math symbol \wedge on input line 318.
LaTeX Font Info:    Redeclaring math symbol \vee on input line 320.
LaTeX Font Info:    Redeclaring math symbol \subset on input line 344.
LaTeX Font Info:    Redeclaring math symbol \supset on input line 345.
LaTeX Font Info:    Redeclaring math symbol \subseteq on input line 348.
LaTeX Font Info:    Redeclaring math symbol \supseteq on input line 349.
LaTeX Font Info:    Redeclaring math symbol \sqsubseteq on input line 380.
LaTeX Font Info:    Redeclaring math symbol \sqsupseteq on input line 381.
LaTeX Font Info:    Redeclaring math symbol \triangleleft on input line 407.
LaTeX Font Info:    Redeclaring math symbol \vartriangleleft on input line 408.

LaTeX Font Info:    Redeclaring math symbol \triangleright on input line 409.
LaTeX Font Info:    Redeclaring math symbol \vartriangleright on input line 410
.
LaTeX Font Info:    Redeclaring math symbol \trianglelefteq on input line 413.
LaTeX Font Info:    Redeclaring math symbol \trianglerighteq on input line 414.

LaTeX Font Info:    Redeclaring math symbol \leq on input line 439.
LaTeX Font Info:    Redeclaring math symbol \geq on input line 441.
LaTeX Font Info:    Redeclaring math symbol \prec on input line 498.
LaTeX Font Info:    Redeclaring math symbol \succ on input line 499.
LaTeX Font Info:    Redeclaring math symbol \preceq on input line 506.
LaTeX Font Info:    Redeclaring math symbol \succeq on input line 507.
LaTeX Font Info:    Redeclaring math symbol \leftarrow on input line 540.
LaTeX Font Info:    Redeclaring math symbol \rightarrow on input line 542.
LaTeX Font Info:    Redeclaring math symbol \nwarrow on input line 546.
LaTeX Font Info:    Redeclaring math symbol \nearrow on input line 547.
LaTeX Font Info:    Redeclaring math symbol \swarrow on input line 548.
LaTeX Font Info:    Redeclaring math symbol \searrow on input line 549.
LaTeX Font Info:    Redeclaring math symbol \leftrightarrow on input line 550.
LaTeX Font Info:    Redeclaring math symbol \mapstochar on input line 557.
LaTeX Font Info:    Redeclaring math symbol \mapsfromchar on input line 558.
LaTeX Font Info:    Redeclaring math symbol \leftharpoonup on input line 560.
LaTeX Font Info:    Redeclaring math symbol \rightharpoonup on input line 561.
LaTeX Font Info:    Redeclaring math symbol \leftharpoondown on input line 562.

LaTeX Font Info:    Redeclaring math symbol \rightharpoondown on input line 563
.
LaTeX Font Info:    Redeclaring math symbol \Leftarrow on input line 575.
LaTeX Font Info:    Redeclaring math symbol \Rightarrow on input line 576.
LaTeX Font Info:    Redeclaring math symbol \Leftrightarrow on input line 579.
LaTeX Font Info:    Redeclaring math symbol \Mapstochar on input line 586.
LaTeX Font Info:    Redeclaring math symbol \Mapsfromchar on input line 587.
LaTeX Font Info:    Redeclaring math symbol \rhook on input line 612.
LaTeX Font Info:    Redeclaring math symbol \lhook on input line 613.
LaTeX Font Info:    Redeclaring math symbol \rightsquigarrow on input line 645.

LaTeX Font Info:    Redeclaring math symbol \oplus on input line 658.
LaTeX Font Info:    Redeclaring math symbol \ominus on input line 659.
LaTeX Font Info:    Redeclaring math symbol \otimes on input line 661.
LaTeX Font Info:    Redeclaring math symbol \odot on input line 663.
LaTeX Font Info:    Redeclaring math symbol \oslash on input line 675.
LaTeX Font Info:    Redeclaring math symbol \boxdot on input line 688.
LaTeX Font Info:    Redeclaring math symbol \boxslash on input line 702.
\mayacnter=\count165
\mayacnta=\count166
\mayacntb=\count167
\mayacntc=\count168
\mayawidth=\dimen152
LaTeX Font Info:    Redeclaring math symbol \intop on input line 753.
LaTeX Font Info:    Redeclaring math symbol \ointop on input line 760.
LaTeX Font Info:    Redeclaring math symbol \bigcurlywedge on input line 787.
LaTeX Font Info:    Redeclaring math symbol \bigcurlyvee on input line 788.
LaTeX Font Info:    Redeclaring math delimiter \lbrace on input line 842.
LaTeX Info: Redefining \{ on input line 846.
LaTeX Font Info:    Redeclaring math delimiter \rbrace on input line 848.
LaTeX Info: Redefining \} on input line 852.
LaTeX Font Info:    Redeclaring math delimiter \langle on input line 858.
LaTeX Font Info:    Redeclaring math delimiter \rangle on input line 859.
LaTeX Font Info:    Redeclaring math delimiter \vert on input line 863.
LaTeX Font Info:    Redeclaring math delimiter \Vert on input line 865.
LaTeX Font Info:    Redeclaring math delimiter \uparrow on input line 868.
LaTeX Font Info:    Redeclaring math delimiter \downarrow on input line 869.
LaTeX Font Info:    Redeclaring math delimiter \updownarrow on input line 870.
LaTeX Font Info:    Redeclaring math delimiter \Uparrow on input line 871.
LaTeX Font Info:    Redeclaring math delimiter \Downarrow on input line 872.
LaTeX Font Info:    Redeclaring math delimiter \Updownarrow on input line 873.
LaTeX Font Info:    Redeclaring math delimiter \lgroup on input line 880.
LaTeX Font Info:    Redeclaring math delimiter \rgroup on input line 881.
LaTeX Font Info:    Redeclaring math delimiter \lceil on input line 882.
LaTeX Font Info:    Redeclaring math delimiter \rceil on input line 883.
LaTeX Font Info:    Redeclaring math delimiter \lfloor on input line 884.
LaTeX Font Info:    Redeclaring math delimiter \rfloor on input line 885.
LaTeX Font Info:    Redeclaring math symbol \braceld on input line 903.
LaTeX Font Info:    Redeclaring math symbol \bracerd on input line 905.
LaTeX Font Info:    Redeclaring math symbol \bracelu on input line 907.
LaTeX Font Info:    Redeclaring math symbol \braceru on input line 909.
LaTeX Font Info:    Redeclaring math accent \widehat on input line 944.
LaTeX Font Info:    Redeclaring math accent \widetilde on input line 946.
))
(/usr/local/texlive/2018/texmf-dist/tex/latex/bbm-macros/bbm.sty
Package: bbm 1999/03/15 V 1.2 provides fonts for set symbols - TH
LaTeX Font Info:    Overwriting math alphabet `\mathbbm' in version `bold'
(Font)                  U/bbm/m/n --> U/bbm/bx/n on input line 33.
LaTeX Font Info:    Overwriting math alphabet `\mathbbmss' in version `bold'
(Font)                  U/bbmss/m/n --> U/bbmss/bx/n on input line 35.
)
(/usr/local/texlive/2018/texmf-dist/tex/latex/pgf/frontendlayer/tikz.sty
(/usr/local/texlive/2018/texmf-dist/tex/latex/pgf/basiclayer/pgf.sty
(/usr/local/texlive/2018/texmf-dist/tex/latex/pgf/utilities/pgfrcs.sty
(/usr/local/texlive/2018/texmf-dist/tex/generic/pgf/utilities/pgfutil-common.te
x
\pgfutil@everybye=\toks44
\pgfutil@tempdima=\dimen153
\pgfutil@tempdimb=\dimen154

(/usr/local/texlive/2018/texmf-dist/tex/generic/pgf/utilities/pgfutil-common-li
sts.tex))
(/usr/local/texlive/2018/texmf-dist/tex/generic/pgf/utilities/pgfutil-latex.def
\pgfutil@abb=\box32
(/usr/local/texlive/2018/texmf-dist/tex/latex/ms/everyshi.sty
Package: everyshi 2001/05/15 v3.00 EveryShipout Package (MS)
))
(/usr/local/texlive/2018/texmf-dist/tex/generic/pgf/utilities/pgfrcs.code.tex
Package: pgfrcs 2015/08/07 v3.0.1a (rcs-revision 1.31)
))
Package: pgf 2015/08/07 v3.0.1a (rcs-revision 1.15)
(/usr/local/texlive/2018/texmf-dist/tex/latex/pgf/basiclayer/pgfcore.sty
(/usr/local/texlive/2018/texmf-dist/tex/latex/pgf/systemlayer/pgfsys.sty
(/usr/local/texlive/2018/texmf-dist/tex/generic/pgf/systemlayer/pgfsys.code.tex
Package: pgfsys 2014/07/09 v3.0.1a (rcs-revision 1.48)
(/usr/local/texlive/2018/texmf-dist/tex/generic/pgf/utilities/pgfkeys.code.tex
\pgfkeys@pathtoks=\toks45
\pgfkeys@temptoks=\toks46

(/usr/local/texlive/2018/texmf-dist/tex/generic/pgf/utilities/pgfkeysfiltered.c
ode.tex
\pgfkeys@tmptoks=\toks47
))
\pgf@x=\dimen155
\pgf@y=\dimen156
\pgf@xa=\dimen157
\pgf@ya=\dimen158
\pgf@xb=\dimen159
\pgf@yb=\dimen160
\pgf@xc=\dimen161
\pgf@yc=\dimen162
\w@pgf@writea=\write3
\r@pgf@reada=\read1
\c@pgf@counta=\count169
\c@pgf@countb=\count170
\c@pgf@countc=\count171
\c@pgf@countd=\count172
\t@pgf@toka=\toks48
\t@pgf@tokb=\toks49
\t@pgf@tokc=\toks50

(/usr/local/texlive/2018/texmf-dist/tex/generic/pgf/systemlayer/pgf.cfg
File: pgf.cfg 2008/05/14  (rcs-revision 1.7)
)
Driver file for pgf: pgfsys-pdftex.def

(/usr/local/texlive/2018/texmf-dist/tex/generic/pgf/systemlayer/pgfsys-pdftex.d
ef
File: pgfsys-pdftex.def 2014/10/11  (rcs-revision 1.35)

(/usr/local/texlive/2018/texmf-dist/tex/generic/pgf/systemlayer/pgfsys-common-p
df.def
File: pgfsys-common-pdf.def 2013/10/10  (rcs-revision 1.13)
)))
(/usr/local/texlive/2018/texmf-dist/tex/generic/pgf/systemlayer/pgfsyssoftpath.
code.tex
File: pgfsyssoftpath.code.tex 2013/09/09  (rcs-revision 1.9)
\pgfsyssoftpath@smallbuffer@items=\count173
\pgfsyssoftpath@bigbuffer@items=\count174
)
(/usr/local/texlive/2018/texmf-dist/tex/generic/pgf/systemlayer/pgfsysprotocol.
code.tex
File: pgfsysprotocol.code.tex 2006/10/16  (rcs-revision 1.4)
))
(/usr/local/texlive/2018/texmf-dist/tex/generic/pgf/basiclayer/pgfcore.code.tex
Package: pgfcore 2010/04/11 v3.0.1a (rcs-revision 1.7)
(/usr/local/texlive/2018/texmf-dist/tex/generic/pgf/math/pgfmath.code.tex
(/usr/local/texlive/2018/texmf-dist/tex/generic/pgf/math/pgfmathcalc.code.tex
(/usr/local/texlive/2018/texmf-dist/tex/generic/pgf/math/pgfmathutil.code.tex)
(/usr/local/texlive/2018/texmf-dist/tex/generic/pgf/math/pgfmathparser.code.tex
\pgfmath@dimen=\dimen163
\pgfmath@count=\count175
\pgfmath@box=\box33
\pgfmath@toks=\toks51
\pgfmath@stack@operand=\toks52
\pgfmath@stack@operation=\toks53
)
(/usr/local/texlive/2018/texmf-dist/tex/generic/pgf/math/pgfmathfunctions.code.
tex
(/usr/local/texlive/2018/texmf-dist/tex/generic/pgf/math/pgfmathfunctions.basic
.code.tex)
(/usr/local/texlive/2018/texmf-dist/tex/generic/pgf/math/pgfmathfunctions.trigo
nometric.code.tex)
(/usr/local/texlive/2018/texmf-dist/tex/generic/pgf/math/pgfmathfunctions.rando
m.code.tex)
(/usr/local/texlive/2018/texmf-dist/tex/generic/pgf/math/pgfmathfunctions.compa
rison.code.tex)
(/usr/local/texlive/2018/texmf-dist/tex/generic/pgf/math/pgfmathfunctions.base.
code.tex)
(/usr/local/texlive/2018/texmf-dist/tex/generic/pgf/math/pgfmathfunctions.round
.code.tex)
(/usr/local/texlive/2018/texmf-dist/tex/generic/pgf/math/pgfmathfunctions.misc.
code.tex)
(/usr/local/texlive/2018/texmf-dist/tex/generic/pgf/math/pgfmathfunctions.integ
erarithmetics.code.tex)))
(/usr/local/texlive/2018/texmf-dist/tex/generic/pgf/math/pgfmathfloat.code.tex
\c@pgfmathroundto@lastzeros=\count176
))
(/usr/local/texlive/2018/texmf-dist/tex/generic/pgf/basiclayer/pgfcorepoints.co
de.tex
File: pgfcorepoints.code.tex 2013/10/07  (rcs-revision 1.27)
\pgf@picminx=\dimen164
\pgf@picmaxx=\dimen165
\pgf@picminy=\dimen166
\pgf@picmaxy=\dimen167
\pgf@pathminx=\dimen168
\pgf@pathmaxx=\dimen169
\pgf@pathminy=\dimen170
\pgf@pathmaxy=\dimen171
\pgf@xx=\dimen172
\pgf@xy=\dimen173
\pgf@yx=\dimen174
\pgf@yy=\dimen175
\pgf@zx=\dimen176
\pgf@zy=\dimen177
)
(/usr/local/texlive/2018/texmf-dist/tex/generic/pgf/basiclayer/pgfcorepathconst
ruct.code.tex
File: pgfcorepathconstruct.code.tex 2013/10/07  (rcs-revision 1.29)
\pgf@path@lastx=\dimen178
\pgf@path@lasty=\dimen179
)
(/usr/local/texlive/2018/texmf-dist/tex/generic/pgf/basiclayer/pgfcorepathusage
.code.tex
File: pgfcorepathusage.code.tex 2014/11/02  (rcs-revision 1.24)
\pgf@shorten@end@additional=\dimen180
\pgf@shorten@start@additional=\dimen181
)
(/usr/local/texlive/2018/texmf-dist/tex/generic/pgf/basiclayer/pgfcorescopes.co
de.tex
File: pgfcorescopes.code.tex 2015/05/08  (rcs-revision 1.46)
\pgfpic=\box34
\pgf@hbox=\box35
\pgf@layerbox@main=\box36
\pgf@picture@serial@count=\count177
)
(/usr/local/texlive/2018/texmf-dist/tex/generic/pgf/basiclayer/pgfcoregraphicst
ate.code.tex
File: pgfcoregraphicstate.code.tex 2014/11/02  (rcs-revision 1.12)
\pgflinewidth=\dimen182
)
(/usr/local/texlive/2018/texmf-dist/tex/generic/pgf/basiclayer/pgfcoretransform
ations.code.tex
File: pgfcoretransformations.code.tex 2015/08/07  (rcs-revision 1.20)
\pgf@pt@x=\dimen183
\pgf@pt@y=\dimen184
\pgf@pt@temp=\dimen185
)
(/usr/local/texlive/2018/texmf-dist/tex/generic/pgf/basiclayer/pgfcorequick.cod
e.tex
File: pgfcorequick.code.tex 2008/10/09  (rcs-revision 1.3)
)
(/usr/local/texlive/2018/texmf-dist/tex/generic/pgf/basiclayer/pgfcoreobjects.c
ode.tex
File: pgfcoreobjects.code.tex 2006/10/11  (rcs-revision 1.2)
)
(/usr/local/texlive/2018/texmf-dist/tex/generic/pgf/basiclayer/pgfcorepathproce
ssing.code.tex
File: pgfcorepathprocessing.code.tex 2013/09/09  (rcs-revision 1.9)
)
(/usr/local/texlive/2018/texmf-dist/tex/generic/pgf/basiclayer/pgfcorearrows.co
de.tex
File: pgfcorearrows.code.tex 2015/05/14  (rcs-revision 1.43)
\pgfarrowsep=\dimen186
)
(/usr/local/texlive/2018/texmf-dist/tex/generic/pgf/basiclayer/pgfcoreshade.cod
e.tex
File: pgfcoreshade.code.tex 2013/07/15  (rcs-revision 1.15)
\pgf@max=\dimen187
\pgf@sys@shading@range@num=\count178
)
(/usr/local/texlive/2018/texmf-dist/tex/generic/pgf/basiclayer/pgfcoreimage.cod
e.tex
File: pgfcoreimage.code.tex 2013/07/15  (rcs-revision 1.18)

(/usr/local/texlive/2018/texmf-dist/tex/generic/pgf/basiclayer/pgfcoreexternal.
code.tex
File: pgfcoreexternal.code.tex 2014/07/09  (rcs-revision 1.21)
\pgfexternal@startupbox=\box37
))
(/usr/local/texlive/2018/texmf-dist/tex/generic/pgf/basiclayer/pgfcorelayers.co
de.tex
File: pgfcorelayers.code.tex 2013/07/18  (rcs-revision 1.7)
)
(/usr/local/texlive/2018/texmf-dist/tex/generic/pgf/basiclayer/pgfcoretranspare
ncy.code.tex
File: pgfcoretransparency.code.tex 2013/09/30  (rcs-revision 1.5)
)
(/usr/local/texlive/2018/texmf-dist/tex/generic/pgf/basiclayer/pgfcorepatterns.
code.tex
File: pgfcorepatterns.code.tex 2013/11/07  (rcs-revision 1.5)
)))
(/usr/local/texlive/2018/texmf-dist/tex/generic/pgf/modules/pgfmoduleshapes.cod
e.tex
File: pgfmoduleshapes.code.tex 2014/03/21  (rcs-revision 1.35)
\pgfnodeparttextbox=\box38
)
(/usr/local/texlive/2018/texmf-dist/tex/generic/pgf/modules/pgfmoduleplot.code.
tex
File: pgfmoduleplot.code.tex 2015/08/03  (rcs-revision 1.13)
)
(/usr/local/texlive/2018/texmf-dist/tex/latex/pgf/compatibility/pgfcomp-version
-0-65.sty
Package: pgfcomp-version-0-65 2007/07/03 v3.0.1a (rcs-revision 1.7)
\pgf@nodesepstart=\dimen188
\pgf@nodesepend=\dimen189
)
(/usr/local/texlive/2018/texmf-dist/tex/latex/pgf/compatibility/pgfcomp-version
-1-18.sty
Package: pgfcomp-version-1-18 2007/07/23 v3.0.1a (rcs-revision 1.1)
))
(/usr/local/texlive/2018/texmf-dist/tex/latex/pgf/utilities/pgffor.sty
(/usr/local/texlive/2018/texmf-dist/tex/latex/pgf/utilities/pgfkeys.sty
(/usr/local/texlive/2018/texmf-dist/tex/generic/pgf/utilities/pgfkeys.code.tex)
) (/usr/local/texlive/2018/texmf-dist/tex/latex/pgf/math/pgfmath.sty
(/usr/local/texlive/2018/texmf-dist/tex/generic/pgf/math/pgfmath.code.tex))
(/usr/local/texlive/2018/texmf-dist/tex/generic/pgf/utilities/pgffor.code.tex
Package: pgffor 2013/12/13 v3.0.1a (rcs-revision 1.25)

(/usr/local/texlive/2018/texmf-dist/tex/generic/pgf/math/pgfmath.code.tex)
\pgffor@iter=\dimen190
\pgffor@skip=\dimen191
\pgffor@stack=\toks54
\pgffor@toks=\toks55
))
(/usr/local/texlive/2018/texmf-dist/tex/generic/pgf/frontendlayer/tikz/tikz.cod
e.tex
Package: tikz 2015/08/07 v3.0.1a (rcs-revision 1.151)

(/usr/local/texlive/2018/texmf-dist/tex/generic/pgf/libraries/pgflibraryplothan
dlers.code.tex
File: pgflibraryplothandlers.code.tex 2013/08/31 v3.0.1a (rcs-revision 1.20)
\pgf@plot@mark@count=\count179
\pgfplotmarksize=\dimen192
)
\tikz@lastx=\dimen193
\tikz@lasty=\dimen194
\tikz@lastxsaved=\dimen195
\tikz@lastysaved=\dimen196
\tikzleveldistance=\dimen197
\tikzsiblingdistance=\dimen198
\tikz@figbox=\box39
\tikz@figbox@bg=\box40
\tikz@tempbox=\box41
\tikz@tempbox@bg=\box42
\tikztreelevel=\count180
\tikznumberofchildren=\count181
\tikznumberofcurrentchild=\count182
\tikz@fig@count=\count183

(/usr/local/texlive/2018/texmf-dist/tex/generic/pgf/modules/pgfmodulematrix.cod
e.tex
File: pgfmodulematrix.code.tex 2013/09/17  (rcs-revision 1.8)
\pgfmatrixcurrentrow=\count184
\pgfmatrixcurrentcolumn=\count185
\pgf@matrix@numberofcolumns=\count186
)
\tikz@expandcount=\count187

(/usr/local/texlive/2018/texmf-dist/tex/generic/pgf/frontendlayer/tikz/librarie
s/tikzlibrarytopaths.code.tex
File: tikzlibrarytopaths.code.tex 2008/06/17 v3.0.1a (rcs-revision 1.2)
)))
(/usr/local/texlive/2018/texmf-dist/tex/generic/pgf/frontendlayer/tikz/librarie
s/tikzlibraryshapes.geometric.code.tex
File: tikzlibraryshapes.geometric.code.tex 2008/01/09 v3.0.1a (rcs-revision 1.1
)

(/usr/local/texlive/2018/texmf-dist/tex/generic/pgf/libraries/shapes/pgflibrary
shapes.geometric.code.tex
File: pgflibraryshapes.geometric.code.tex 2008/06/26 v3.0.1a (rcs-revision 1.1)

))
\c@currthmctr=\count188
\c@endthmctr=\count189
\c@thm=\count190
\c@currcorctr=\count191
\c@endcorctr=\count192
\c@cor=\count193
\c@currlemctr=\count194
\c@endlemctr=\count195
\c@lem=\count196
\c@currassumptionctr=\count197
\c@endassumptionctr=\count198
\c@assumption=\count199
\c@currpropctr=\count266
\c@endpropctr=\count267
\c@prop=\count268
) (./main.aux)
\openout1 = `main.aux'.

LaTeX Font Info:    Checking defaults for OML/cmm/m/it on input line 9.
LaTeX Font Info:    ... okay on input line 9.
LaTeX Font Info:    Checking defaults for T1/cmr/m/n on input line 9.
LaTeX Font Info:    ... okay on input line 9.
LaTeX Font Info:    Checking defaults for OT1/cmr/m/n on input line 9.
LaTeX Font Info:    ... okay on input line 9.
LaTeX Font Info:    Checking defaults for OMS/cmsy/m/n on input line 9.
LaTeX Font Info:    ... okay on input line 9.
LaTeX Font Info:    Checking defaults for OMX/cmex/m/n on input line 9.
LaTeX Font Info:    ... okay on input line 9.
LaTeX Font Info:    Checking defaults for U/mathx/m/n on input line 9.
LaTeX Font Info:    ... okay on input line 9.
LaTeX Font Info:    Checking defaults for PD1/pdf/m/n on input line 9.
LaTeX Font Info:    ... okay on input line 9.
\AtBeginShipoutBox=\box43
Package hyperref Info: Link coloring ON on input line 9.

(/usr/local/texlive/2018/texmf-dist/tex/latex/hyperref/nameref.sty
Package: nameref 2016/05/21 v2.44 Cross-referencing by name of section

(/usr/local/texlive/2018/texmf-dist/tex/generic/oberdiek/gettitlestring.sty
Package: gettitlestring 2016/05/16 v1.5 Cleanup title references (HO)
)
\c@section@level=\count269
)
LaTeX Info: Redefining \ref on input line 9.
LaTeX Info: Redefining \pageref on input line 9.
LaTeX Info: Redefining \nameref on input line 9.

(./main.out) (./main.out)
\@outlinefile=\write4
\openout4 = `main.out'.


(/usr/local/texlive/2018/texmf-dist/tex/context/base/mkii/supp-pdf.mkii
[Loading MPS to PDF converter (version 2006.09.02).]
\scratchcounter=\count270
\scratchdimen=\dimen199
\scratchbox=\box44
\nofMPsegments=\count271
\nofMParguments=\count272
\everyMPshowfont=\toks56
\MPscratchCnt=\count273
\MPscratchDim=\dimen256
\MPnumerator=\count274
\makeMPintoPDFobject=\count275
\everyMPtoPDFconversion=\toks57
)
LaTeX Info: Redefining \microtypecontext on input line 9.
Package microtype Info: Generating PDF output.
Package microtype Info: Character protrusion enabled (level 2).
Package microtype Info: Using default protrusion set `alltext'.
Package microtype Info: Automatic font expansion enabled (level 2),
(microtype)             stretch: 20, shrink: 20, step: 1, non-selected.
Package microtype Info: Using default expansion set `basictext'.
Package microtype Info: No adjustment of tracking.
Package microtype Info: No adjustment of interword spacing.
Package microtype Info: No adjustment of character kerning.
 (/usr/local/texlive/2018/texmf-dist/tex/latex/microtype/mt-cmr.cfg
File: mt-cmr.cfg 2013/05/19 v2.2 microtype config. file: Computer Modern Roman 
(RS)
)
Package caption Info: Begin \AtBeginDocument code.
Package caption Info: End \AtBeginDocument code.

ABD: EveryShipout initializing macros
LaTeX Font Info:    Try loading font information for U+stmry on input line 13.

(/usr/local/texlive/2018/texmf-dist/tex/latex/stmaryrd/Ustmry.fd)
LaTeX Font Info:    Try loading font information for U+msa on input line 13.

(/usr/local/texlive/2018/texmf-dist/tex/latex/amsfonts/umsa.fd
File: umsa.fd 2013/01/14 v3.01 AMS symbols A
)
(/usr/local/texlive/2018/texmf-dist/tex/latex/microtype/mt-msa.cfg
File: mt-msa.cfg 2006/02/04 v1.1 microtype config. file: AMS symbols (a) (RS)
)
LaTeX Font Info:    Try loading font information for U+msb on input line 13.

(/usr/local/texlive/2018/texmf-dist/tex/latex/amsfonts/umsb.fd
File: umsb.fd 2013/01/14 v3.01 AMS symbols B
)
(/usr/local/texlive/2018/texmf-dist/tex/latex/microtype/mt-msb.cfg
File: mt-msb.cfg 2005/06/01 v1.0 microtype config. file: AMS symbols (b) (RS)
)
(./introduction.tex [1

{/usr/local/texlive/2018/texmf-var/fonts/map/pdftex/updmap/pdftex.map}] [2]

LaTeX Font Warning: Font shape `U/stmry/b/n' undefined
(Font)              using `U/stmry/m/n' instead on input line 151.

LaTeX Font Info:    Try loading font information for U+eus on input line 151.
(/usr/local/texlive/2018/texmf-dist/tex/latex/amsfonts/ueus.fd
File: ueus.fd 2013/01/14 v3.01 Euler Script
)
(/usr/local/texlive/2018/texmf-dist/tex/latex/microtype/mt-eus.cfg
File: mt-eus.cfg 2006/07/28 v1.2 microtype config. file: AMS Euler Script (RS)
) [3]
Package hyperref Info: bookmark level for unknown algorithm defaults to 0 on in
put line 301.


LaTeX Warning: Reference `U' on page 4 undefined on input line 304.


LaTeX Warning: Reference `X' on page 4 undefined on input line 305.


LaTeX Warning: Reference `U' on page 4 undefined on input line 308.


LaTeX Warning: Reference `U' on page 4 undefined on input line 308.


LaTeX Warning: Reference `U' on page 4 undefined on input line 311.


LaTeX Warning: Reference `U' on page 4 undefined on input line 311.


LaTeX Warning: Reference `X' on page 4 undefined on input line 317.


LaTeX Warning: Reference `U' on page 4 undefined on input line 322.


LaTeX Warning: Reference `U' on page 4 undefined on input line 322.


LaTeX Warning: Reference `U' on page 4 undefined on input line 323.

[4] [5]) (./methodology.tex [6]
Package hyperref Info: bookmark level for unknown remark defaults to 0 on input
 line 167.
 [7] [8]
Overfull \hbox (5.2267pt too wide) in paragraph at lines 415--426
 [][] |
 []

Package hyperref Info: bookmark level for unknown lem defaults to 0 on input li
ne 442.
[9]) (./main_theory.tex
Package hyperref Info: bookmark level for unknown thm defaults to 0 on input li
ne 15.
 [10]

LaTeX Warning: Reference `alg:ideal_fix_rank_appro' on page 11 undefined on inp
ut line 124.

) (./numerical_experiments.tex [11]
<figure/fig2_lk_lnoise_600.pdf, id=485, 431.48499pt x 384.37708pt>
File: figure/fig2_lk_lnoise_600.pdf Graphic file (type pdf)
<use figure/fig2_lk_lnoise_600.pdf>
Package pdftex.def Info: figure/fig2_lk_lnoise_600.pdf  used on input line 6.
(pdftex.def)             Requested size: 103.5585pt x 92.25238pt.
<figure/fig2_slk_lnoise_600.pdf, id=486, 447.73122pt x 384.37708pt>
File: figure/fig2_slk_lnoise_600.pdf Graphic file (type pdf)
<use figure/fig2_slk_lnoise_600.pdf>
Package pdftex.def Info: figure/fig2_slk_lnoise_600.pdf  used on input line 9.
(pdftex.def)             Requested size: 107.45769pt x 92.25238pt.
<figure/fig2_spd_600.pdf, id=487, 431.48499pt x 382.84673pt>
File: figure/fig2_spd_600.pdf Graphic file (type pdf)
<use figure/fig2_spd_600.pdf>
Package pdftex.def Info: figure/fig2_spd_600.pdf  used on input line 12.
(pdftex.def)             Requested size: 103.5585pt x 91.88509pt.
<figure/fig2_lk_mnoise_600.pdf, id=488, 431.48499pt x 384.37708pt>
File: figure/fig2_lk_mnoise_600.pdf Graphic file (type pdf)
<use figure/fig2_lk_mnoise_600.pdf>
Package pdftex.def Info: figure/fig2_lk_mnoise_600.pdf  used on input line 15.
(pdftex.def)             Requested size: 103.5585pt x 92.25238pt.
<figure/fig2_lk_hnoise_600.pdf, id=489, 753.93553pt x 384.37708pt>
File: figure/fig2_lk_hnoise_600.pdf Graphic file (type pdf)
<use figure/fig2_lk_hnoise_600.pdf>
Package pdftex.def Info: figure/fig2_lk_hnoise_600.pdf  used on input line 18.
(pdftex.def)             Requested size: 180.94821pt x 92.25238pt.
<figure/fig3_lk_lnoise_600.pdf, id=492, 437.90564pt x 384.37708pt>
File: figure/fig3_lk_lnoise_600.pdf Graphic file (type pdf)
<use figure/fig3_lk_lnoise_600.pdf>
Package pdftex.def Info: figure/fig3_lk_lnoise_600.pdf  used on input line 33.
(pdftex.def)             Requested size: 105.0995pt x 92.25238pt.
<figure/fig3_slk_lnoise_600.pdf, id=493, 453.96811pt x 384.37708pt>
File: figure/fig3_slk_lnoise_600.pdf Graphic file (type pdf)
<use figure/fig3_slk_lnoise_600.pdf>
Package pdftex.def Info: figure/fig3_slk_lnoise_600.pdf  used on input line 36.

(pdftex.def)             Requested size: 108.95456pt x 92.25238pt.
<figure/fig3_spd_600.pdf, id=494, 437.90564pt x 382.84673pt>
File: figure/fig3_spd_600.pdf Graphic file (type pdf)
<use figure/fig3_spd_600.pdf>
Package pdftex.def Info: figure/fig3_spd_600.pdf  used on input line 39.
(pdftex.def)             Requested size: 105.0995pt x 91.88509pt.
<figure/fig3_lk_mnoise_600.pdf, id=495, 437.90564pt x 384.37708pt>
File: figure/fig3_lk_mnoise_600.pdf Graphic file (type pdf)
<use figure/fig3_lk_mnoise_600.pdf>
Package pdftex.def Info: figure/fig3_lk_mnoise_600.pdf  used on input line 42.
(pdftex.def)             Requested size: 105.0995pt x 92.25238pt.
<figure/fig3_lk_hnoise_600.pdf, id=496, 801.42049pt x 384.37708pt>
File: figure/fig3_lk_hnoise_600.pdf Graphic file (type pdf)
<use figure/fig3_lk_hnoise_600.pdf>
Package pdftex.def Info: figure/fig3_lk_hnoise_600.pdf  used on input line 45.
(pdftex.def)             Requested size: 192.34483pt x 92.25238pt.
<figure/lk_1pass_time.pdf, id=501, 408.72469pt x 336.14742pt>
File: figure/lk_1pass_time.pdf Graphic file (type pdf)
<use figure/lk_1pass_time.pdf>
Package pdftex.def Info: figure/lk_1pass_time.pdf  used on input line 67.
(pdftex.def)             Requested size: 86.48955pt x 71.13188pt.
<figure/slk_1pass_time.pdf, id=502, 412.28609pt x 336.14742pt>
File: figure/slk_1pass_time.pdf Graphic file (type pdf)
<use figure/slk_1pass_time.pdf>
Package pdftex.def Info: figure/slk_1pass_time.pdf  used on input line 68.
(pdftex.def)             Requested size: 87.24318pt x 71.13188pt.
<figure/fpd_1pass_time.pdf, id=503, 832.36305pt x 333.66298pt>
File: figure/fpd_1pass_time.pdf Graphic file (type pdf)
<use figure/fpd_1pass_time.pdf>
Package pdftex.def Info: figure/fpd_1pass_time.pdf  used on input line 69.
(pdftex.def)             Requested size: 177.44316pt x 71.13188pt.
<figure/lk_2pass_time.pdf, id=504, 408.72469pt x 336.14742pt>
File: figure/lk_2pass_time.pdf Graphic file (type pdf)
<use figure/lk_2pass_time.pdf>
Package pdftex.def Info: figure/lk_2pass_time.pdf  used on input line 71.
(pdftex.def)             Requested size: 86.48955pt x 71.13188pt.
<figure/slk_2pass_time.pdf, id=505, 408.72469pt x 336.14742pt>
File: figure/slk_2pass_time.pdf Graphic file (type pdf)
<use figure/slk_2pass_time.pdf>
Package pdftex.def Info: figure/slk_2pass_time.pdf  used on input line 72.
(pdftex.def)             Requested size: 86.48955pt x 71.13188pt.
<figure/fpd_2pass_time.pdf, id=506, 832.36305pt x 333.66298pt>
File: figure/fpd_2pass_time.pdf Graphic file (type pdf)
<use figure/fpd_2pass_time.pdf>
Package pdftex.def Info: figure/fpd_2pass_time.pdf  used on input line 73.
(pdftex.def)             Requested size: 177.44316pt x 71.13188pt.
LaTeX Font Info:    Try loading font information for OMS+cmr on input line 112.


(/usr/local/texlive/2018/texmf-dist/tex/latex/base/omscmr.fd
File: omscmr.fd 2014/09/29 v2.5h Standard LaTeX font definitions
)
LaTeX Font Info:    Font shape `OMS/cmr/m/n' in size <7> not available
(Font)              Font shape `OMS/cmsy/m/n' tried instead on input line 112.
 [12 <./figure/fig2_lk_lnoise_600.pdf> <./figure/fig2_slk_lnoise_600.pdf

pdfTeX warning: /Library/TeX/texbin/pdflatex (file ./figure/fig2_slk_lnoise_600
.pdf): PDF inclusion: multiple pdfs with page group included in a single page
> <./figure/fig2_spd_600.pdf

pdfTeX warning: /Library/TeX/texbin/pdflatex (file ./figure/fig2_spd_600.pdf): 
PDF inclusion: multiple pdfs with page group included in a single page
> <./figure/fig2_lk_mnoise_600.pdf

pdfTeX warning: /Library/TeX/texbin/pdflatex (file ./figure/fig2_lk_mnoise_600.
pdf): PDF inclusion: multiple pdfs with page group included in a single page
> <./figure/fig2_lk_hnoise_600.pdf

pdfTeX warning: /Library/TeX/texbin/pdflatex (file ./figure/fig2_lk_hnoise_600.
pdf): PDF inclusion: multiple pdfs with page group included in a single page
>] [13 <./figure/fig3_lk_lnoise_600.pdf> <./figure/fig3_slk_lnoise_600.pdf

pdfTeX warning: /Library/TeX/texbin/pdflatex (file ./figure/fig3_slk_lnoise_600
.pdf): PDF inclusion: multiple pdfs with page group included in a single page
> <./figure/fig3_spd_600.pdf

pdfTeX warning: /Library/TeX/texbin/pdflatex (file ./figure/fig3_spd_600.pdf): 
PDF inclusion: multiple pdfs with page group included in a single page
> <./figure/fig3_lk_mnoise_600.pdf

pdfTeX warning: /Library/TeX/texbin/pdflatex (file ./figure/fig3_lk_mnoise_600.
pdf): PDF inclusion: multiple pdfs with page group included in a single page
> <./figure/fig3_lk_hnoise_600.pdf

pdfTeX warning: /Library/TeX/texbin/pdflatex (file ./figure/fig3_lk_hnoise_600.
pdf): PDF inclusion: multiple pdfs with page group included in a single page
> <./figure/lk_1pass_time.pdf

pdfTeX warning: /Library/TeX/texbin/pdflatex (file ./figure/lk_1pass_time.pdf):
 PDF inclusion: multiple pdfs with page group included in a single page
> <./figure/slk_1pass_time.pdf

pdfTeX warning: /Library/TeX/texbin/pdflatex (file ./figure/slk_1pass_time.pdf)
: PDF inclusion: multiple pdfs with page group included in a single page
> <./figure/fpd_1pass_time.pdf

pdfTeX warning: /Library/TeX/texbin/pdflatex (file ./figure/fpd_1pass_time.pdf)
: PDF inclusion: multiple pdfs with page group included in a single page
> <./figure/lk_2pass_time.pdf

pdfTeX warning: /Library/TeX/texbin/pdflatex (file ./figure/lk_2pass_time.pdf):
 PDF inclusion: multiple pdfs with page group included in a single page
> <./figure/slk_2pass_time.pdf

pdfTeX warning: /Library/TeX/texbin/pdflatex (file ./figure/slk_2pass_time.pdf)
: PDF inclusion: multiple pdfs with page group included in a single page
> <./figure/fpd_2pass_time.pdf

pdfTeX warning: /Library/TeX/texbin/pdflatex (file ./figure/fpd_2pass_time.pdf)
: PDF inclusion: multiple pdfs with page group included in a single page
>]
<figure/fig1_lk_lnoise.pdf, id=734, 431.48499pt x 381.31638pt>
File: figure/fig1_lk_lnoise.pdf Graphic file (type pdf)
<use figure/fig1_lk_lnoise.pdf>
Package pdftex.def Info: figure/fig1_lk_lnoise.pdf  used on input line 178.
(pdftex.def)             Requested size: 103.5585pt x 91.51779pt.
<figure/fig1_slk_lnoise.pdf, id=735, 431.48499pt x 381.31638pt>
File: figure/fig1_slk_lnoise.pdf Graphic file (type pdf)
<use figure/fig1_slk_lnoise.pdf>
Package pdftex.def Info: figure/fig1_slk_lnoise.pdf  used on input line 181.
(pdftex.def)             Requested size: 103.5585pt x 91.51779pt.
<figure/fig1_spd.pdf, id=736, 431.48499pt x 379.78604pt>
File: figure/fig1_spd.pdf Graphic file (type pdf)
<use figure/fig1_spd.pdf>
Package pdftex.def Info: figure/fig1_spd.pdf  used on input line 184.
(pdftex.def)             Requested size: 103.5585pt x 91.15051pt.
<figure/fig1_lk_mnoise.pdf, id=737, 431.48499pt x 381.31638pt>
File: figure/fig1_lk_mnoise.pdf Graphic file (type pdf)
<use figure/fig1_lk_mnoise.pdf>
Package pdftex.def Info: figure/fig1_lk_mnoise.pdf  used on input line 187.
(pdftex.def)             Requested size: 103.5585pt x 91.51779pt.
<figure/fig1_lk_hnoise.pdf, id=738, 650.97397pt x 381.31638pt>
File: figure/fig1_lk_hnoise.pdf Graphic file (type pdf)
<use figure/fig1_lk_hnoise.pdf>
Package pdftex.def Info: figure/fig1_lk_hnoise.pdf  used on input line 190.
(pdftex.def)             Requested size: 156.23694pt x 91.51779pt.
<figure/multi_ABSORB_frk8.pdf, id=741, 431.48499pt x 382.84673pt>
File: figure/multi_ABSORB_frk8.pdf Graphic file (type pdf)
<use figure/multi_ABSORB_frk8.pdf>
Package pdftex.def Info: figure/multi_ABSORB_frk8.pdf  used on input line 203.
(pdftex.def)             Requested size: 92.99132pt x 82.51282pt.
<figure/multi_ABSORB_frk10.pdf, id=742, 431.48499pt x 382.84673pt>
File: figure/multi_ABSORB_frk10.pdf Graphic file (type pdf)
<use figure/multi_ABSORB_frk10.pdf>
Package pdftex.def Info: figure/multi_ABSORB_frk10.pdf  used on input line 204.

(pdftex.def)             Requested size: 92.99132pt x 82.51282pt.
<figure/multi_ABSORB_frk15.pdf, id=743, 788.30135pt x 382.84673pt>
File: figure/multi_ABSORB_frk15.pdf Graphic file (type pdf)
<use figure/multi_ABSORB_frk15.pdf>
Package pdftex.def Info: figure/multi_ABSORB_frk15.pdf  used on input line 205.

(pdftex.def)             Requested size: 169.89046pt x 82.51282pt.
<figure/multi_T_frk10.pdf, id=744, 431.48499pt x 411.6263pt>
File: figure/multi_T_frk10.pdf Graphic file (type pdf)
<use figure/multi_T_frk10.pdf>
Package pdftex.def Info: figure/multi_T_frk10.pdf  used on input line 207.
(pdftex.def)             Requested size: 86.49298pt x 82.51282pt.
<figure/multi_CO_frk10.pdf, id=745, 431.48499pt x 411.6263pt>
File: figure/multi_CO_frk10.pdf Graphic file (type pdf)
<use figure/multi_CO_frk10.pdf>
Package pdftex.def Info: figure/multi_CO_frk10.pdf  used on input line 208.
(pdftex.def)             Requested size: 86.49298pt x 82.51282pt.
<figure/multi_P_frk10.pdf, id=746, 788.30135pt x 411.6263pt>
File: figure/multi_P_frk10.pdf Graphic file (type pdf)
<use figure/multi_P_frk10.pdf>
Package pdftex.def Info: figure/multi_P_frk10.pdf  used on input line 209.
(pdftex.def)             Requested size: 158.01833pt x 82.51282pt.
<figure/video_classification_result.pdf, id=747, 963.6pt x 542.025pt>
File: figure/video_classification_result.pdf Graphic file (type pdf)
<use figure/video_classification_result.pdf>
Package pdftex.def Info: figure/video_classification_result.pdf  used on input 
line 226.
(pdftex.def)             Requested size: 354.07097pt x 199.16928pt.


LaTeX Warning: `!h' float specifier changed to `!ht'.

<figure/frame500.pdf, id=750, 498.663pt x 303.86902pt>
File: figure/frame500.pdf Graphic file (type pdf)
<use figure/frame500.pdf>
Package pdftex.def Info: figure/frame500.pdf  used on input line 244.
(pdftex.def)             Requested size: 112.05736pt x 68.28644pt.
<figure/2pass_k300_r50_frame500.pdf, id=751, 498.663pt x 304.85283pt>
File: figure/2pass_k300_r50_frame500.pdf Graphic file (type pdf)
<use figure/2pass_k300_r50_frame500.pdf>
Package pdftex.def Info: figure/2pass_k300_r50_frame500.pdf  used on input line
 245.
(pdftex.def)             Requested size: 111.69214pt x 68.28644pt.
<figure/1pass_k300_r50_frame500.pdf, id=752, 498.663pt x 304.85283pt>
File: figure/1pass_k300_r50_frame500.pdf Graphic file (type pdf)
<use figure/1pass_k300_r50_frame500.pdf>
Package pdftex.def Info: figure/1pass_k300_r50_frame500.pdf  used on input line
 246.
(pdftex.def)             Requested size: 111.69214pt x 68.28644pt.

LaTeX Warning: `!h' float specifier changed to `!ht'.

<figure/T100_original.pdf, id=753, 405.35289pt x 413.67345pt>
File: figure/T100_original.pdf Graphic file (type pdf)
<use figure/T100_original.pdf>
Package pdftex.def Info: figure/T100_original.pdf  used on input line 257.
(pdftex.def)             Requested size: 83.63599pt x 85.35826pt.
<figure/T100_hooi.pdf, id=754, 434.15823pt x 443.93953pt>
File: figure/T100_hooi.pdf Graphic file (type pdf)
<use figure/T100_hooi.pdf>
Package pdftex.def Info: figure/T100_hooi.pdf  used on input line 258.
(pdftex.def)             Requested size: 83.47137pt x 85.35826pt.
<figure/T100_2pass.pdf, id=755, 347.823pt x 356.14357pt>
File: figure/T100_2pass.pdf Graphic file (type pdf)
<use figure/T100_2pass.pdf>
Package pdftex.def Info: figure/T100_2pass.pdf  used on input line 259.
(pdftex.def)             Requested size: 83.36246pt x 85.35826pt.
<figure/T100_1pass.pdf, id=756, 322.28171pt x 330.60228pt>
File: figure/T100_1pass.pdf Graphic file (type pdf)
<use figure/T100_1pass.pdf>
Package pdftex.def Info: figure/T100_1pass.pdf  used on input line 260.
(pdftex.def)             Requested size: 83.21098pt x 85.35826pt.

LaTeX Warning: `!h' float specifier changed to `!ht'.

[14 <./figure/fig1_lk_lnoise.pdf> <./figure/fig1_slk_lnoise.pdf

pdfTeX warning: /Library/TeX/texbin/pdflatex (file ./figure/fig1_slk_lnoise.pdf
): PDF inclusion: multiple pdfs with page group included in a single page
> <./figure/fig1_spd.pdf

pdfTeX warning: /Library/TeX/texbin/pdflatex (file ./figure/fig1_spd.pdf): PDF 
inclusion: multiple pdfs with page group included in a single page
> <./figure/fig1_lk_mnoise.pdf

pdfTeX warning: /Library/TeX/texbin/pdflatex (file ./figure/fig1_lk_mnoise.pdf)
: PDF inclusion: multiple pdfs with page group included in a single page
> <./figure/fig1_lk_hnoise.pdf

pdfTeX warning: /Library/TeX/texbin/pdflatex (file ./figure/fig1_lk_hnoise.pdf)
: PDF inclusion: multiple pdfs with page group included in a single page
>] [15 <./figure/multi_ABSORB_frk8.pdf> <./figure/multi_ABSORB_frk10.pdf

pdfTeX warning: /Library/TeX/texbin/pdflatex (file ./figure/multi_ABSORB_frk10.
pdf): PDF inclusion: multiple pdfs with page group included in a single page
> <./figure/multi_ABSORB_frk15.pdf

pdfTeX warning: /Library/TeX/texbin/pdflatex (file ./figure/multi_ABSORB_frk15.
pdf): PDF inclusion: multiple pdfs with page group included in a single page
> <./figure/multi_T_frk10.pdf

pdfTeX warning: /Library/TeX/texbin/pdflatex (file ./figure/multi_T_frk10.pdf):
 PDF inclusion: multiple pdfs with page group included in a single page
> <./figure/multi_CO_frk10.pdf

pdfTeX warning: /Library/TeX/texbin/pdflatex (file ./figure/multi_CO_frk10.pdf)
: PDF inclusion: multiple pdfs with page group included in a single page
> <./figure/multi_P_frk10.pdf

pdfTeX warning: /Library/TeX/texbin/pdflatex (file ./figure/multi_P_frk10.pdf):
 PDF inclusion: multiple pdfs with page group included in a single page
>]
LaTeX Font Info:    Try loading font information for T1+cmtt on input line 359.

 (/usr/local/texlive/2018/texmf-dist/tex/latex/base/t1cmtt.fd
File: t1cmtt.fd 2014/09/29 v2.5h Standard LaTeX font definitions
)
Package microtype Info: Loading generic protrusion settings for font family
(microtype)             `cmtt' (encoding: T1).
(microtype)             For optimal results, create family-specific settings.
(microtype)             See the microtype manual for details.
 [16 <./figure/video_classification_result.pdf> <./figure/frame500.pdf> <./figu
re/2pass_k300_r50_frame500.pdf

pdfTeX warning: /Library/TeX/texbin/pdflatex (file ./figure/2pass_k300_r50_fram
e500.pdf): PDF inclusion: multiple pdfs with page group included in a single pa
ge
> <./figure/1pass_k300_r50_frame500.pdf

pdfTeX warning: /Library/TeX/texbin/pdflatex (file ./figure/1pass_k300_r50_fram
e500.pdf): PDF inclusion: multiple pdfs with page group included in a single pa
ge
>] [17 <./figure/T100_original.pdf> <./figure/T100_hooi.pdf

pdfTeX warning: /Library/TeX/texbin/pdflatex (file ./figure/T100_hooi.pdf): PDF
 inclusion: multiple pdfs with page group included in a single page
> <./figure/T100_2pass.pdf

pdfTeX warning: /Library/TeX/texbin/pdflatex (file ./figure/T100_2pass.pdf): PD
F inclusion: multiple pdfs with page group included in a single page
> <./figure/T100_1pass.pdf

pdfTeX warning: /Library/TeX/texbin/pdflatex (file ./figure/T100_1pass.pdf): PD
F inclusion: multiple pdfs with page group included in a single page
>]) [18] (./main.bbl
Underfull \vbox (badness 10000) has occurred while \output is active []

 [19

]
LaTeX Font Info:    Font shape `OMS/cmr/m/n' in size <8> not available
(Font)              Font shape `OMS/cmsy/m/n' tried instead on input line 130.
)
(./Appendix.tex [20] (./appendix/proof_for_main_results.tex
Package hyperref Info: bookmark level for unknown proof defaults to 0 on input 
line 29.
 [21

])
(./appendix/core_sketchy.tex
LaTeX Font Info:    Try loading font information for U+bbm on input line 41.

(/usr/local/texlive/2018/texmf-dist/tex/latex/bbm-macros/ubbm.fd
File: ubbm.fd 1999/03/15 V 1.2 Font definition for bbm font - TH
) [22] [23])
(./appendix/proof_equivalent.tex [24]) (./appendix/technical_lemmas_sketchy.tex
) (./appendix/algorithm_table.tex) (./appendix/random_map.tex [25])
(./appendix/appendix_tensorsketch.tex
LaTeX Font Info:    Try loading font information for T1+cmss on input line 9.

(/usr/local/texlive/2018/texmf-dist/tex/latex/base/t1cmss.fd
File: t1cmss.fd 2014/09/29 v2.5h Standard LaTeX font definitions
)
Package microtype Info: Loading generic protrusion settings for font family
(microtype)             `cmss' (encoding: T1).
(microtype)             For optimal results, create family-specific settings.
(microtype)             See the microtype manual for details.
 [26]

Package amsmath Warning: Foreign command \atop;
(amsmath)                \frac or \genfrac should be used instead
(amsmath)                 on input line 27.

)
Overfull \hbox (14.69814pt too wide) in paragraph at lines 40--15
\T1/cmr/m/n/10 (-20) By only stor-ing $[][]\OML/cmm/m/it/10 ; [] ; [][]$\T1/cmr
/m/n/10 (-20) , Ten-sorS-ketch only re-quires $\OT1/cmr/m/n/10 (-20) 2 [][] \OM
L/cmm/m/it/10 I[]$|
 []

(./appendix/time-storage-complexity.tex

Package hyperref Warning: Token not allowed in a PDF string (PDFDocEncoding):
(hyperref)                removing `\new@ifnextchar' on input line 3.


Package hyperref Warning: Token not allowed in a PDF string (PDFDocEncoding):
(hyperref)                removing `subscript' on input line 3.


Package hyperref Warning: Token not allowed in a PDF string (PDFDocEncoding):
(hyperref)                removing `subscript' on input line 3.


Package hyperref Warning: Token not allowed in a PDF string (PDFDocEncoding):
(hyperref)                removing `subscript' on input line 3.


Package hyperref Warning: Token not allowed in a PDF string (PDFDocEncoding):
(hyperref)                removing `subscript' on input line 3.


Package hyperref Warning: Token not allowed in a PDF string (PDFDocEncoding):
(hyperref)                removing `\@ifnextchar' on input line 3.

[27]

Package hyperref Warning: Token not allowed in a PDF string (PDFDocEncoding):
(hyperref)                removing `\new@ifnextchar' on input line 20.


Package hyperref Warning: Token not allowed in a PDF string (PDFDocEncoding):
(hyperref)                removing `subscript' on input line 20.


Package hyperref Warning: Token not allowed in a PDF string (PDFDocEncoding):
(hyperref)                removing `subscript' on input line 20.


Package hyperref Warning: Token not allowed in a PDF string (PDFDocEncoding):
(hyperref)                removing `subscript' on input line 20.


Package hyperref Warning: Token not allowed in a PDF string (PDFDocEncoding):
(hyperref)                removing `subscript' on input line 20.


LaTeX Warning: `!h' float specifier changed to `!ht'.

) (./appendix/appendix_more_simulation_results.tex
<figure/fig2_lk_lnoise_400.pdf, id=1208, 431.48499pt x 384.37708pt>
File: figure/fig2_lk_lnoise_400.pdf Graphic file (type pdf)
<use figure/fig2_lk_lnoise_400.pdf>
Package pdftex.def Info: figure/fig2_lk_lnoise_400.pdf  used on input line 13.
(pdftex.def)             Requested size: 103.5585pt x 92.25238pt.
<figure/fig2_slk_lnoise_400.pdf, id=1209, 431.48499pt x 384.37708pt>
File: figure/fig2_slk_lnoise_400.pdf Graphic file (type pdf)
<use figure/fig2_slk_lnoise_400.pdf>
Package pdftex.def Info: figure/fig2_slk_lnoise_400.pdf  used on input line 16.

(pdftex.def)             Requested size: 103.5585pt x 92.25238pt.
<figure/fig2_spd_400.pdf, id=1210, 448.46577pt x 382.84673pt>
File: figure/fig2_spd_400.pdf Graphic file (type pdf)
<use figure/fig2_spd_400.pdf>
Package pdftex.def Info: figure/fig2_spd_400.pdf  used on input line 19.
(pdftex.def)             Requested size: 107.63397pt x 91.88509pt.
<figure/fig2_lk_mnoise_400.pdf, id=1211, 431.48499pt x 384.37708pt>
File: figure/fig2_lk_mnoise_400.pdf Graphic file (type pdf)
<use figure/fig2_lk_mnoise_400.pdf>
Package pdftex.def Info: figure/fig2_lk_mnoise_400.pdf  used on input line 22.
(pdftex.def)             Requested size: 103.5585pt x 92.25238pt.
<figure/fig2_lk_hnoise_400.pdf, id=1212, 753.93553pt x 384.37708pt>
File: figure/fig2_lk_hnoise_400.pdf Graphic file (type pdf)
<use figure/fig2_lk_hnoise_400.pdf>
Package pdftex.def Info: figure/fig2_lk_hnoise_400.pdf  used on input line 25.
(pdftex.def)             Requested size: 180.94821pt x 92.25238pt.
<figure/fig2_lk_lnoise_200.pdf, id=1215, 431.48499pt x 384.37708pt>
File: figure/fig2_lk_lnoise_200.pdf Graphic file (type pdf)
<use figure/fig2_lk_lnoise_200.pdf>
Package pdftex.def Info: figure/fig2_lk_lnoise_200.pdf  used on input line 39.
(pdftex.def)             Requested size: 107.87097pt x 96.09402pt.
<figure/fig2_slk_lnoise_200.pdf, id=1216, 431.48499pt x 384.37708pt>
File: figure/fig2_slk_lnoise_200.pdf Graphic file (type pdf)
<use figure/fig2_slk_lnoise_200.pdf>
Package pdftex.def Info: figure/fig2_slk_lnoise_200.pdf  used on input line 42.

(pdftex.def)             Requested size: 107.87097pt x 96.09402pt.
<figure/fig2_spd_200.pdf, id=1217, 431.48499pt x 382.84673pt>
File: figure/fig2_spd_200.pdf Graphic file (type pdf)
<use figure/fig2_spd_200.pdf>
Package pdftex.def Info: figure/fig2_spd_200.pdf  used on input line 45.
(pdftex.def)             Requested size: 107.87097pt x 95.71144pt.
<figure/fig2_lk_mnoise_200.pdf, id=1218, 431.48499pt x 384.37708pt>
File: figure/fig2_lk_mnoise_200.pdf Graphic file (type pdf)
<use figure/fig2_lk_mnoise_200.pdf>
Package pdftex.def Info: figure/fig2_lk_mnoise_200.pdf  used on input line 48.
(pdftex.def)             Requested size: 107.87097pt x 96.09402pt.
<figure/fig2_lk_hnoise_200.pdf, id=1219, 753.93553pt x 384.37708pt>
File: figure/fig2_lk_hnoise_200.pdf Graphic file (type pdf)
<use figure/fig2_lk_hnoise_200.pdf>
Package pdftex.def Info: figure/fig2_lk_hnoise_200.pdf  used on input line 51.
(pdftex.def)             Requested size: 188.48341pt x 96.09402pt.
<figure/fig3_lk_lnoise_400.pdf, id=1222, 437.90564pt x 384.37708pt>
File: figure/fig3_lk_lnoise_400.pdf Graphic file (type pdf)
<use figure/fig3_lk_lnoise_400.pdf>
Package pdftex.def Info: figure/fig3_lk_lnoise_400.pdf  used on input line 66.
(pdftex.def)             Requested size: 105.0995pt x 92.25238pt.
<figure/fig3_slk_lnoise_400.pdf, id=1223, 437.90564pt x 384.37708pt>
File: figure/fig3_slk_lnoise_400.pdf Graphic file (type pdf)
<use figure/fig3_slk_lnoise_400.pdf>
Package pdftex.def Info: figure/fig3_slk_lnoise_400.pdf  used on input line 69.

(pdftex.def)             Requested size: 105.0995pt x 92.25238pt.
<figure/fig3_spd_400.pdf, id=1224, 454.83778pt x 382.84673pt>
File: figure/fig3_spd_400.pdf Graphic file (type pdf)
<use figure/fig3_spd_400.pdf>
Package pdftex.def Info: figure/fig3_spd_400.pdf  used on input line 72.
(pdftex.def)             Requested size: 109.16328pt x 91.88509pt.
<figure/fig3_lk_mnoise_400.pdf, id=1225, 437.90564pt x 384.37708pt>
File: figure/fig3_lk_mnoise_400.pdf Graphic file (type pdf)
<use figure/fig3_lk_mnoise_400.pdf>
Package pdftex.def Info: figure/fig3_lk_mnoise_400.pdf  used on input line 75.
(pdftex.def)             Requested size: 105.0995pt x 92.25238pt.
<figure/fig3_lk_hnoise_400.pdf, id=1226, 801.42049pt x 384.37708pt>
File: figure/fig3_lk_hnoise_400.pdf Graphic file (type pdf)
<use figure/fig3_lk_hnoise_400.pdf>
Package pdftex.def Info: figure/fig3_lk_hnoise_400.pdf  used on input line 78.
(pdftex.def)             Requested size: 192.34483pt x 92.25238pt.
<figure/fig3_lk_lnoise_200.pdf, id=1229, 437.90564pt x 384.37708pt>
File: figure/fig3_lk_lnoise_200.pdf Graphic file (type pdf)
<use figure/fig3_lk_lnoise_200.pdf>
Package pdftex.def Info: figure/fig3_lk_lnoise_200.pdf  used on input line 90.
(pdftex.def)             Requested size: 109.47614pt x 96.09402pt.
<figure/fig3_slk_lnoise_200.pdf, id=1230, 437.90564pt x 384.37708pt>
File: figure/fig3_slk_lnoise_200.pdf Graphic file (type pdf)
<use figure/fig3_slk_lnoise_200.pdf>
Package pdftex.def Info: figure/fig3_slk_lnoise_200.pdf  used on input line 93.

(pdftex.def)             Requested size: 109.47614pt x 96.09402pt.
<figure/fig3_spd_200.pdf, id=1231, 437.90564pt x 382.84673pt>
File: figure/fig3_spd_200.pdf Graphic file (type pdf)
<use figure/fig3_spd_200.pdf>
Package pdftex.def Info: figure/fig3_spd_200.pdf  used on input line 96.
(pdftex.def)             Requested size: 109.47614pt x 95.71144pt.
<figure/fig3_lk_mnoise_200.pdf, id=1232, 437.90564pt x 384.37708pt>
File: figure/fig3_lk_mnoise_200.pdf Graphic file (type pdf)
<use figure/fig3_lk_mnoise_200.pdf>
Package pdftex.def Info: figure/fig3_lk_mnoise_200.pdf  used on input line 99.
(pdftex.def)             Requested size: 109.47614pt x 96.09402pt.
<figure/fig3_lk_hnoise_200.pdf, id=1233, 801.42049pt x 384.37708pt>
File: figure/fig3_lk_hnoise_200.pdf Graphic file (type pdf)
<use figure/fig3_lk_hnoise_200.pdf>
Package pdftex.def Info: figure/fig3_lk_hnoise_200.pdf  used on input line 102.

(pdftex.def)             Requested size: 200.35463pt x 96.09402pt.
)
(./appendix/appendix_more_real_data_examples.tex
<figure/multi_SRFRAD_frk8.pdf, id=1237, 431.48499pt x 382.84673pt>
File: figure/multi_SRFRAD_frk8.pdf Graphic file (type pdf)
<use figure/multi_SRFRAD_frk8.pdf>
Package pdftex.def Info: figure/multi_SRFRAD_frk8.pdf  used on input line 7.
(pdftex.def)             Requested size: 92.99132pt x 82.51282pt.
<figure/multi_SRFRAD_frk10.pdf, id=1238, 431.48499pt x 382.84673pt>
File: figure/multi_SRFRAD_frk10.pdf Graphic file (type pdf)
<use figure/multi_SRFRAD_frk10.pdf>
Package pdftex.def Info: figure/multi_SRFRAD_frk10.pdf  used on input line 8.
(pdftex.def)             Requested size: 92.99132pt x 82.51282pt.
<figure/multi_SRFRAD_frk15.pdf, id=1239, 788.30135pt x 382.84673pt>
File: figure/multi_SRFRAD_frk15.pdf Graphic file (type pdf)
<use figure/multi_SRFRAD_frk15.pdf>
Package pdftex.def Info: figure/multi_SRFRAD_frk15.pdf  used on input line 9.
(pdftex.def)             Requested size: 169.89046pt x 82.51282pt.
<figure/multi_BURDENDUST_frk8.pdf, id=1240, 431.48499pt x 382.84673pt>
File: figure/multi_BURDENDUST_frk8.pdf Graphic file (type pdf)
<use figure/multi_BURDENDUST_frk8.pdf>
Package pdftex.def Info: figure/multi_BURDENDUST_frk8.pdf  used on input line 1
2.
(pdftex.def)             Requested size: 92.99132pt x 82.51282pt.
<figure/multi_BURDENDUST_frk10.pdf, id=1241, 431.48499pt x 382.84673pt>
File: figure/multi_BURDENDUST_frk10.pdf Graphic file (type pdf)
<use figure/multi_BURDENDUST_frk10.pdf>
Package pdftex.def Info: figure/multi_BURDENDUST_frk10.pdf  used on input line 
13.
(pdftex.def)             Requested size: 92.99132pt x 82.51282pt.
<figure/multi_BURDENDUST_frk15.pdf, id=1242, 788.30135pt x 382.84673pt>
File: figure/multi_BURDENDUST_frk15.pdf Graphic file (type pdf)
<use figure/multi_BURDENDUST_frk15.pdf>
Package pdftex.def Info: figure/multi_BURDENDUST_frk15.pdf  used on input line 
14.
(pdftex.def)             Requested size: 169.89046pt x 82.51282pt.
))
\tf@thm=\write5
\openout5 = `main.thm'.

 [28]
Package atveryend Info: Empty hook `BeforeClearDocument' on input line 57.
 [29 <./figure/fig2_lk_lnoise_400.pdf> <./figure/fig2_slk_lnoise_400.pdf

pdfTeX warning: /Library/TeX/texbin/pdflatex (file ./figure/fig2_slk_lnoise_400
.pdf): PDF inclusion: multiple pdfs with page group included in a single page
> <./figure/fig2_spd_400.pdf

pdfTeX warning: /Library/TeX/texbin/pdflatex (file ./figure/fig2_spd_400.pdf): 
PDF inclusion: multiple pdfs with page group included in a single page
> <./figure/fig2_lk_mnoise_400.pdf

pdfTeX warning: /Library/TeX/texbin/pdflatex (file ./figure/fig2_lk_mnoise_400.
pdf): PDF inclusion: multiple pdfs with page group included in a single page
> <./figure/fig2_lk_hnoise_400.pdf

pdfTeX warning: /Library/TeX/texbin/pdflatex (file ./figure/fig2_lk_hnoise_400.
pdf): PDF inclusion: multiple pdfs with page group included in a single page
>] [30 <./figure/fig2_lk_lnoise_200.pdf> <./figure/fig2_slk_lnoise_200.pdf

pdfTeX warning: /Library/TeX/texbin/pdflatex (file ./figure/fig2_slk_lnoise_200
.pdf): PDF inclusion: multiple pdfs with page group included in a single page
> <./figure/fig2_spd_200.pdf

pdfTeX warning: /Library/TeX/texbin/pdflatex (file ./figure/fig2_spd_200.pdf): 
PDF inclusion: multiple pdfs with page group included in a single page
> <./figure/fig2_lk_mnoise_200.pdf

pdfTeX warning: /Library/TeX/texbin/pdflatex (file ./figure/fig2_lk_mnoise_200.
pdf): PDF inclusion: multiple pdfs with page group included in a single page
> <./figure/fig2_lk_hnoise_200.pdf

pdfTeX warning: /Library/TeX/texbin/pdflatex (file ./figure/fig2_lk_hnoise_200.
pdf): PDF inclusion: multiple pdfs with page group included in a single page
> <./figure/fig3_lk_lnoise_400.pdf

pdfTeX warning: /Library/TeX/texbin/pdflatex (file ./figure/fig3_lk_lnoise_400.
pdf): PDF inclusion: multiple pdfs with page group included in a single page
> <./figure/fig3_slk_lnoise_400.pdf

pdfTeX warning: /Library/TeX/texbin/pdflatex (file ./figure/fig3_slk_lnoise_400
.pdf): PDF inclusion: multiple pdfs with page group included in a single page
> <./figure/fig3_spd_400.pdf

pdfTeX warning: /Library/TeX/texbin/pdflatex (file ./figure/fig3_spd_400.pdf): 
PDF inclusion: multiple pdfs with page group included in a single page
> <./figure/fig3_lk_mnoise_400.pdf

pdfTeX warning: /Library/TeX/texbin/pdflatex (file ./figure/fig3_lk_mnoise_400.
pdf): PDF inclusion: multiple pdfs with page group included in a single page
> <./figure/fig3_lk_hnoise_400.pdf

pdfTeX warning: /Library/TeX/texbin/pdflatex (file ./figure/fig3_lk_hnoise_400.
pdf): PDF inclusion: multiple pdfs with page group included in a single page
>] [31 <./figure/fig3_lk_lnoise_200.pdf> <./figure/fig3_slk_lnoise_200.pdf

pdfTeX warning: /Library/TeX/texbin/pdflatex (file ./figure/fig3_slk_lnoise_200
.pdf): PDF inclusion: multiple pdfs with page group included in a single page
> <./figure/fig3_spd_200.pdf

pdfTeX warning: /Library/TeX/texbin/pdflatex (file ./figure/fig3_spd_200.pdf): 
PDF inclusion: multiple pdfs with page group included in a single page
> <./figure/fig3_lk_mnoise_200.pdf

pdfTeX warning: /Library/TeX/texbin/pdflatex (file ./figure/fig3_lk_mnoise_200.
pdf): PDF inclusion: multiple pdfs with page group included in a single page
> <./figure/fig3_lk_hnoise_200.pdf

pdfTeX warning: /Library/TeX/texbin/pdflatex (file ./figure/fig3_lk_hnoise_200.
pdf): PDF inclusion: multiple pdfs with page group included in a single page
> <./figure/multi_SRFRAD_frk8.pdf

pdfTeX warning: /Library/TeX/texbin/pdflatex (file ./figure/multi_SRFRAD_frk8.p
df): PDF inclusion: multiple pdfs with page group included in a single page
> <./figure/multi_SRFRAD_frk10.pdf

pdfTeX warning: /Library/TeX/texbin/pdflatex (file ./figure/multi_SRFRAD_frk10.
pdf): PDF inclusion: multiple pdfs with page group included in a single page
> <./figure/multi_SRFRAD_frk15.pdf

pdfTeX warning: /Library/TeX/texbin/pdflatex (file ./figure/multi_SRFRAD_frk15.
pdf): PDF inclusion: multiple pdfs with page group included in a single page
> <./figure/multi_BURDENDUST_frk8.pdf

pdfTeX warning: /Library/TeX/texbin/pdflatex (file ./figure/multi_BURDENDUST_fr
k8.pdf): PDF inclusion: multiple pdfs with page group included in a single page

> <./figure/multi_BURDENDUST_frk10.pdf

pdfTeX warning: /Library/TeX/texbin/pdflatex (file ./figure/multi_BURDENDUST_fr
k10.pdf): PDF inclusion: multiple pdfs with page group included in a single pag
e
> <./figure/multi_BURDENDUST_frk15.pdf

pdfTeX warning: /Library/TeX/texbin/pdflatex (file ./figure/multi_BURDENDUST_fr
k15.pdf): PDF inclusion: multiple pdfs with page group included in a single pag
e
>]
Package atveryend Info: Empty hook `AfterLastShipout' on input line 57.
 (./main.aux)
Package atveryend Info: Executing hook `AtVeryEndDocument' on input line 57.
Package atveryend Info: Executing hook `AtEndAfterFileList' on input line 57.
Package rerunfilecheck Info: File `main.out' has not changed.
(rerunfilecheck)             Checksum: 3DBFAE3725C55F63802309A58BF6E39C;3901.


LaTeX Font Warning: Some font shapes were not available, defaults substituted.


LaTeX Warning: There were undefined references.

Package atveryend Info: Empty hook `AtVeryVeryEnd' on input line 57.
 ) 
Here is how much of TeX's memory you used:
 24596 strings out of 492649
 457250 string characters out of 6129622
 565859 words of memory out of 5000000
 27395 multiletter control sequences out of 15000+600000
 43526 words of font info for 233 fonts, out of 8000000 for 9000
 1141 hyphenation exceptions out of 8191
 57i,16n,56p,949b,594s stack positions out of 5000i,500n,10000p,200000b,80000s
{/usr/local/texlive/2018/texmf-dist/fonts/enc/dvips/cm-super/cm-super-t1.enc}
 </Users/yimingsun/Library/texlive/2018/texmf-var/fonts/pk/ljfour/public/bbm/bb
m10.600pk></usr/local/texlive/2018/texmf-dist/fonts/type1/public/amsfonts/cm/cm
bx10.pfb></usr/local/texlive/2018/texmf-dist/fonts/type1/public/amsfonts/cm/cmb
x5.pfb></usr/local/texlive/2018/texmf-dist/fonts/type1/public/amsfonts/cm/cmbx7
.pfb></usr/local/texlive/2018/texmf-dist/fonts/type1/public/amsfonts/cm/cmmi10.
pfb></usr/local/texlive/2018/texmf-dist/fonts/type1/public/amsfonts/cm/cmmi12.p
fb></usr/local/texlive/2018/texmf-dist/fonts/type1/public/amsfonts/cm/cmmi5.pfb
></usr/local/texlive/2018/texmf-dist/fonts/type1/public/amsfonts/cm/cmmi7.pfb><
/usr/local/texlive/2018/texmf-dist/fonts/type1/public/amsfonts/cm/cmmib10.pfb><
/usr/local/texlive/2018/texmf-dist/fonts/type1/public/amsfonts/cm/cmr10.pfb></u
sr/local/texlive/2018/texmf-dist/fonts/type1/public/amsfonts/cm/cmr17.pfb></usr
/local/texlive/2018/texmf-dist/fonts/type1/public/amsfonts/cm/cmr5.pfb></usr/lo
cal/texlive/2018/texmf-dist/fonts/type1/public/amsfonts/cm/cmr7.pfb></usr/local
/texlive/2018/texmf-dist/fonts/type1/public/amsfonts/cm/cmsy10.pfb></usr/local/
texlive/2018/texmf-dist/fonts/type1/public/amsfonts/cm/cmsy6.pfb></usr/local/te
xlive/2018/texmf-dist/fonts/type1/public/amsfonts/cm/cmsy7.pfb></usr/local/texl
ive/2018/texmf-dist/fonts/type1/public/amsfonts/cm/cmsy8.pfb></usr/local/texliv
e/2018/texmf-dist/fonts/type1/public/amsfonts/euler/eusb10.pfb></usr/local/texl
ive/2018/texmf-dist/fonts/type1/public/amsfonts/euler/eusb7.pfb></usr/local/tex
live/2018/texmf-dist/fonts/type1/public/amsfonts/euler/eusm10.pfb></usr/local/t
exlive/2018/texmf-dist/fonts/type1/public/mathabx-type1/matha10.pfb></usr/local
/texlive/2018/texmf-dist/fonts/type1/public/mathabx-type1/matha5.pfb></usr/loca
l/texlive/2018/texmf-dist/fonts/type1/public/mathabx-type1/matha6.pfb></usr/loc
al/texlive/2018/texmf-dist/fonts/type1/public/mathabx-type1/matha7.pfb></usr/lo
cal/texlive/2018/texmf-dist/fonts/type1/public/mathabx-type1/mathb10.pfb></usr/
local/texlive/2018/texmf-dist/fonts/type1/public/mathabx-type1/mathx10.pfb></us
r/local/texlive/2018/texmf-dist/fonts/type1/public/amsfonts/symbols/msbm10.pfb>
</usr/local/texlive/2018/texmf-dist/fonts/type1/public/amsfonts/symbols/msbm7.p
fb></usr/local/texlive/2018/texmf-dist/fonts/type1/public/cm-super/sfbx0800.pfb
></usr/local/texlive/2018/texmf-dist/fonts/type1/public/cm-super/sfbx1000.pfb><
/usr/local/texlive/2018/texmf-dist/fonts/type1/public/cm-super/sfcc0800.pfb></u
sr/local/texlive/2018/texmf-dist/fonts/type1/public/cm-super/sfcc1000.pfb></usr
/local/texlive/2018/texmf-dist/fonts/type1/public/cm-super/sfrm0500.pfb></usr/l
ocal/texlive/2018/texmf-dist/fonts/type1/public/cm-super/sfrm0600.pfb></usr/loc
al/texlive/2018/texmf-dist/fonts/type1/public/cm-super/sfrm0700.pfb></usr/local
/texlive/2018/texmf-dist/fonts/type1/public/cm-super/sfrm0800.pfb></usr/local/t
exlive/2018/texmf-dist/fonts/type1/public/cm-super/sfrm1000.pfb></usr/local/tex
live/2018/texmf-dist/fonts/type1/public/cm-super/sfss1000.pfb></usr/local/texli
ve/2018/texmf-dist/fonts/type1/public/cm-super/sfti0800.pfb></usr/local/texlive
/2018/texmf-dist/fonts/type1/public/cm-super/sfti1000.pfb></usr/local/texlive/2
018/texmf-dist/fonts/type1/public/cm-super/sftt1000.pfb></usr/local/texlive/201
8/texmf-dist/fonts/type1/public/stmaryrd/stmary10.pfb>
Output written on main.pdf (31 pages, 4751756 bytes).
PDF statistics:
 1780 PDF objects out of 2073 (max. 8388607)
 1439 compressed objects within 15 object streams
 237 named destinations out of 1000 (max. 500000)
 28374 words of extra memory for PDF output out of 29859 (max. 10000000)

